2024-07-15 14:40:32.517337 processId: 2086808
2024-07-15 14:40:32.517363 prarent processId: 586877
2024-07-15 14:40:32.517426 {
    "data_root": "/data/lingfeng/ffdv_phase1_sample",
    "num_frames": 32,
    "num_workers": 3,
    "pretrained_dir": "checkpoints/swin_base_patch244_window1677_kinetics400_22k_host.pth",
    "classify_drop": 0.1,
    "swin_drop": 0.4,
    "num_hiddens": 256,
    "batch_size": 16,
    "use_cuda": true,
    "l2_decacy": 1e-06,
    "log_step": 5,
    "epochs": 50,
    "learning_rate": 0.0001
}
2024-07-15 14:40:41.248739 模型总大小为：451.744MB
2024-07-15 14:40:41.248786 (355674408, 88918602, 118013952, 14751744, 451.74442291259766)
2024-07-15 14:40:41.618764 [INFO] Start training, lr = 0.0001
