2024-07-15 16:13:59.089729 processId: 3843195
2024-07-15 16:13:59.089786 prarent processId: 586877
2024-07-15 16:13:59.090090 {
    "data_root": "/data/lingfeng/ffdv_phase1_sample",
    "num_frames": 32,
    "num_workers": 3,
    "pretrained_dir": "checkpoints/swin_base_patch244_window1677_kinetics400_22k_host.pth",
    "classify_drop": 0.1,
    "swin_drop": 0.1,
    "num_hiddens": 128,
    "batch_size": 8,
    "use_cuda": true,
    "l2_decacy": 1e-06,
    "epochs": 50,
    "learning_rate": 0.0001,
    "model_save": 5,
    "log_step": 10
}
2024-07-15 16:14:10.161585 模型总大小为：2018.995MB
2024-07-15 16:14:10.161677 (1999055656, 499763914, 118013952, 14751744, 2018.9949111938477)
2024-07-15 16:14:10.894755 [INFO] Start training, lr = 0.0001
