2024-07-15 22:36:10.543365 processId: 2810364
2024-07-15 22:36:10.543420 prarent processId: 2805401
2024-07-15 22:36:10.543509 {
    "data_root": "/data/lingfeng/full_data/phase1",
    "modality": "audio",
    "num_frames": 32,
    "force_generate": 0,
    "num_workers": 3,
    "video_pretrained_dir": "checkpoints/swin_base_patch244_window1677_kinetics400_22k_host.pth",
    "audio_pretrained_dir": "checkpoints/swinv2_tiny_patch4_window16_256.pth",
    "classify_drop": 0.1,
    "swin_drop": 0.1,
    "num_hiddens": 128,
    "batch_size": 16,
    "use_cuda": true,
    "l2_decacy": 0.05,
    "epochs": 50,
    "learning_rate": 0.0001,
    "model_save": 5,
    "log_step": 10
}
2024-07-15 22:36:12.692676 ==============> Loading weight checkpoints/swinv2_tiny_patch4_window16_256.pth for fine-tuning......
2024-07-15 22:36:13.044329 Error in loading classifier head, re-init classifier head to 0
2024-07-15 22:36:13.072018 _IncompatibleKeys(missing_keys=['layers.0.blocks.0.attn.relative_coords_table', 'layers.0.blocks.0.attn.relative_position_index', 'layers.0.blocks.1.attn_mask', 'layers.0.blocks.1.attn.relative_coords_table', 'layers.0.blocks.1.attn.relative_position_index', 'layers.1.blocks.0.attn.relative_coords_table', 'layers.1.blocks.0.attn.relative_position_index', 'layers.1.blocks.1.attn_mask', 'layers.1.blocks.1.attn.relative_coords_table', 'layers.1.blocks.1.attn.relative_position_index', 'layers.2.blocks.0.attn.relative_coords_table', 'layers.2.blocks.0.attn.relative_position_index', 'layers.2.blocks.1.attn_mask', 'layers.2.blocks.1.attn.relative_coords_table', 'layers.2.blocks.1.attn.relative_position_index', 'layers.2.blocks.2.attn.relative_coords_table', 'layers.2.blocks.2.attn.relative_position_index', 'layers.2.blocks.3.attn_mask', 'layers.2.blocks.3.attn.relative_coords_table', 'layers.2.blocks.3.attn.relative_position_index', 'layers.2.blocks.4.attn.relative_coords_table', 'layers.2.blocks.4.attn.relative_position_index', 'layers.2.blocks.5.attn_mask', 'layers.2.blocks.5.attn.relative_coords_table', 'layers.2.blocks.5.attn.relative_position_index', 'layers.3.blocks.0.attn.relative_coords_table', 'layers.3.blocks.0.attn.relative_position_index', 'layers.3.blocks.1.attn.relative_coords_table', 'layers.3.blocks.1.attn.relative_position_index', 'head.weight', 'head.bias'], unexpected_keys=[])
2024-07-15 22:36:13.072145 => loaded successfully 'checkpoints/swinv2_tiny_patch4_window16_256.pth'
2024-07-15 22:36:15.687967 Processing Audio File!
