2024-07-15 18:06:19.705990 processId: 3513579
2024-07-15 18:06:19.706033 prarent processId: 586877
2024-07-15 18:06:19.706110 {
    "data_root": "/data/lingfeng/ffdv_phase1_sample",
    "modality": "audio",
    "num_frames": 32,
    "force_generate": 0,
    "num_workers": 3,
    "video_pretrained_dir": "checkpoints/swin_base_patch244_window1677_kinetics400_22k_host.pth",
    "audio_pretrained_dir": "checkpoints/swinv2_tiny_patch4_window16_256.pth",
    "classify_drop": 0.1,
    "swin_drop": 0.1,
    "num_hiddens": 128,
    "batch_size": 6,
    "use_cuda": true,
    "l2_decacy": 0.05,
    "epochs": 50,
    "learning_rate": 0.0001,
    "model_save": 5,
    "log_step": 10
}
2024-07-15 18:06:29.764153 ==============> Loading weight checkpoints/swinv2_tiny_patch4_window16_256.pth for fine-tuning......
2024-07-15 18:06:30.821524 Error in loading classifier head, re-init classifier head to 0
2024-07-15 18:06:30.869161 _IncompatibleKeys(missing_keys=['layers.0.blocks.0.attn.relative_coords_table', 'layers.0.blocks.0.attn.relative_position_index', 'layers.0.blocks.1.attn_mask', 'layers.0.blocks.1.attn.relative_coords_table', 'layers.0.blocks.1.attn.relative_position_index', 'layers.1.blocks.0.attn.relative_coords_table', 'layers.1.blocks.0.attn.relative_position_index', 'layers.1.blocks.1.attn_mask', 'layers.1.blocks.1.attn.relative_coords_table', 'layers.1.blocks.1.attn.relative_position_index', 'layers.2.blocks.0.attn.relative_coords_table', 'layers.2.blocks.0.attn.relative_position_index', 'layers.2.blocks.1.attn_mask', 'layers.2.blocks.1.attn.relative_coords_table', 'layers.2.blocks.1.attn.relative_position_index', 'layers.2.blocks.2.attn.relative_coords_table', 'layers.2.blocks.2.attn.relative_position_index', 'layers.2.blocks.3.attn_mask', 'layers.2.blocks.3.attn.relative_coords_table', 'layers.2.blocks.3.attn.relative_position_index', 'layers.2.blocks.4.attn.relative_coords_table', 'layers.2.blocks.4.attn.relative_position_index', 'layers.2.blocks.5.attn_mask', 'layers.2.blocks.5.attn.relative_coords_table', 'layers.2.blocks.5.attn.relative_position_index', 'layers.3.blocks.0.attn.relative_coords_table', 'layers.3.blocks.0.attn.relative_position_index', 'layers.3.blocks.1.attn.relative_coords_table', 'layers.3.blocks.1.attn.relative_position_index', 'head.weight', 'head.bias'], unexpected_keys=[])
2024-07-15 18:06:30.869312 => loaded successfully 'checkpoints/swinv2_tiny_patch4_window16_256.pth'
2024-07-15 18:06:33.314309 Audio File Has Previously Been Processed
2024-07-15 18:06:34.121750 Audio File Has Previously Been Processed
2024-07-15 18:06:34.260308 模型总大小为：106.286MB
2024-07-15 18:06:34.260397 (110318768, 27579692, 1130288, 253760, 106.28610229492188)
2024-07-15 18:06:34.548327 [INFO] Start training, lr = 0.0001
2024-07-15 18:06:36.738809 | epoch  1 | step    0 | lr 1.0000E-04 | Train Loss 0.69315 | Train Acc 0.16667 
2024-07-15 18:06:38.003295 | epoch  1 | step   10 | lr 1.0000E-04 | Train Loss 0.51230 | Train Acc 0.83333 
2024-07-15 18:06:39.114160 | epoch  1 | step   20 | lr 1.0000E-04 | Train Loss 0.73844 | Train Acc 0.66667 
2024-07-15 18:06:40.198832 | epoch  1 | step   30 | lr 1.0000E-04 | Train Loss 0.51736 | Train Acc 1.00000 
2024-07-15 18:06:41.288346 | epoch  1 | step   40 | lr 1.0000E-04 | Train Loss 0.70364 | Train Acc 0.50000 
2024-07-15 18:06:42.318646 | epoch  1 | step   50 | lr 1.0000E-04 | Train Loss 0.28284 | Train Acc 1.00000 
2024-07-15 18:06:43.438852 | epoch  1 | step   60 | lr 1.0000E-04 | Train Loss 0.92002 | Train Acc 0.50000 
2024-07-15 18:06:44.505331 | epoch  1 | step   70 | lr 1.0000E-04 | Train Loss 0.71105 | Train Acc 0.66667 
2024-07-15 18:06:45.448182 | epoch  1 | step   80 | lr 1.0000E-04 | Train Loss 0.52794 | Train Acc 0.66667 
2024-07-15 18:06:46.645938 | epoch  1 | step   90 | lr 1.0000E-04 | Train Loss 0.18710 | Train Acc 1.00000 
2024-07-15 18:06:47.849686 | epoch  1 | step  100 | lr 1.0000E-04 | Train Loss 0.31558 | Train Acc 1.00000 
2024-07-15 18:06:49.102507 | epoch  1 | step  110 | lr 1.0000E-04 | Train Loss 0.70712 | Train Acc 0.66667 
2024-07-15 18:06:50.176260 | epoch  1 | step  120 | lr 1.0000E-04 | Train Loss 0.33409 | Train Acc 1.00000 
2024-07-15 18:06:51.584733 | epoch  1 | step  130 | lr 1.0000E-04 | Train Loss 0.68577 | Train Acc 0.66667 
2024-07-15 18:06:53.093423 | epoch  1 | step  140 | lr 1.0000E-04 | Train Loss 0.20387 | Train Acc 1.00000 
2024-07-15 18:06:54.327767 | epoch  1 | step  150 | lr 1.0000E-04 | Train Loss 0.24371 | Train Acc 0.83333 
2024-07-15 18:06:55.334234 | epoch  1 | step  160 | lr 1.0000E-04 | Train Loss 0.34146 | Train Acc 0.83333 
2024-07-15 18:06:56.384291 | epoch  1 | step  170 | lr 1.0000E-04 | Train Loss 0.33545 | Train Acc 1.00000 
2024-07-15 18:06:57.523431 | epoch  1 | step  180 | lr 1.0000E-04 | Train Loss 0.63289 | Train Acc 0.50000 
2024-07-15 18:06:58.690922 | epoch  1 | step  190 | lr 1.0000E-04 | Train Loss 0.50746 | Train Acc 1.00000 
2024-07-15 18:06:59.788171 | epoch  1 | step  200 | lr 1.0000E-04 | Train Loss 0.27795 | Train Acc 1.00000 
2024-07-15 18:07:01.040851 | epoch  1 | step  210 | lr 1.0000E-04 | Train Loss 0.16481 | Train Acc 1.00000 
2024-07-15 18:07:02.126805 | epoch  1 | step  220 | lr 1.0000E-04 | Train Loss 0.14847 | Train Acc 0.83333 
2024-07-15 18:07:03.413007 | epoch  1 | step  230 | lr 1.0000E-04 | Train Loss 0.10268 | Train Acc 1.00000 
2024-07-15 18:07:04.534139 | epoch  1 | step  240 | lr 1.0000E-04 | Train Loss 0.10478 | Train Acc 1.00000 
2024-07-15 18:07:05.581185 | epoch  1 | step  250 | lr 1.0000E-04 | Train Loss 0.28604 | Train Acc 0.83333 
2024-07-15 18:07:06.820828 | epoch  1 | step  260 | lr 1.0000E-04 | Train Loss 0.21086 | Train Acc 1.00000 
2024-07-15 18:07:07.892090 | epoch  1 | step  270 | lr 1.0000E-04 | Train Loss 0.31454 | Train Acc 0.83333 
2024-07-15 18:07:08.928332 | epoch  1 | step  280 | lr 1.0000E-04 | Train Loss 0.21207 | Train Acc 1.00000 
2024-07-15 18:07:10.025777 | epoch  1 | step  290 | lr 1.0000E-04 | Train Loss 0.37513 | Train Acc 0.66667 
2024-07-15 18:07:11.178919 | epoch  1 | step  300 | lr 1.0000E-04 | Train Loss 0.14289 | Train Acc 0.83333 
2024-07-15 18:07:12.230190 | epoch  1 | step  310 | lr 1.0000E-04 | Train Loss 0.31542 | Train Acc 0.83333 
2024-07-15 18:07:13.389271 | epoch  1 | step  320 | lr 1.0000E-04 | Train Loss 1.09397 | Train Acc 0.66667 
2024-07-15 18:07:14.384750 | epoch  1 | step  330 | lr 1.0000E-04 | Train Loss 0.49409 | Train Acc 0.66667 
2024-07-15 18:07:14.833895 Phase:train, Avg Loss:0.4296439290046692
2024-07-15 18:07:15.443302 | epoch  1 | step  334 | lr 1.0000E-04 | Val Loss 0.39927 | Val Acc 0.83333 
2024-07-15 18:07:15.534710 | epoch  1 | step  335 | lr 1.0000E-04 | Val Loss 0.26598 | Val Acc 0.83333 
2024-07-15 18:07:15.617694 | epoch  1 | step  336 | lr 1.0000E-04 | Val Loss 0.23660 | Val Acc 1.00000 
2024-07-15 18:07:15.677131 | epoch  1 | step  337 | lr 1.0000E-04 | Val Loss 0.47279 | Val Acc 0.83333 
2024-07-15 18:07:15.734179 | epoch  1 | step  338 | lr 1.0000E-04 | Val Loss 0.09445 | Val Acc 1.00000 
2024-07-15 18:07:15.815452 | epoch  1 | step  339 | lr 1.0000E-04 | Val Loss 0.42430 | Val Acc 0.66667 
2024-07-15 18:07:15.882450 | epoch  1 | step  340 | lr 1.0000E-04 | Val Loss 0.45173 | Val Acc 0.66667 
2024-07-15 18:07:16.023586 | epoch  1 | step  341 | lr 1.0000E-04 | Val Loss 0.56716 | Val Acc 0.83333 
2024-07-15 18:07:16.128793 | epoch  1 | step  342 | lr 1.0000E-04 | Val Loss 0.33366 | Val Acc 0.83333 
2024-07-15 18:07:17.206148 | epoch  1 | step  343 | lr 1.0000E-04 | Val Loss 0.45404 | Val Acc 0.66667 
2024-07-15 18:07:17.373580 | epoch  1 | step  344 | lr 1.0000E-04 | Val Loss 0.39770 | Val Acc 0.83333 
2024-07-15 18:07:17.427084 | epoch  1 | step  345 | lr 1.0000E-04 | Val Loss 0.54488 | Val Acc 0.83333 
2024-07-15 18:07:17.501309 | epoch  1 | step  346 | lr 1.0000E-04 | Val Loss 0.19058 | Val Acc 1.00000 
2024-07-15 18:07:17.581490 | epoch  1 | step  347 | lr 1.0000E-04 | Val Loss 0.13377 | Val Acc 1.00000 
2024-07-15 18:07:17.647534 | epoch  1 | step  348 | lr 1.0000E-04 | Val Loss 0.47944 | Val Acc 0.83333 
2024-07-15 18:07:17.708086 | epoch  1 | step  349 | lr 1.0000E-04 | Val Loss 0.08964 | Val Acc 1.00000 
2024-07-15 18:07:17.772660 | epoch  1 | step  350 | lr 1.0000E-04 | Val Loss 0.62536 | Val Acc 0.83333 
2024-07-15 18:07:17.856295 | epoch  1 | step  351 | lr 1.0000E-04 | Val Loss 0.19116 | Val Acc 0.83333 
2024-07-15 18:07:17.949048 | epoch  1 | step  352 | lr 1.0000E-04 | Val Loss 0.19646 | Val Acc 1.00000 
2024-07-15 18:07:17.994136 | epoch  1 | step  353 | lr 1.0000E-04 | Val Loss 0.25966 | Val Acc 0.83333 
2024-07-15 18:07:18.059262 | epoch  1 | step  354 | lr 1.0000E-04 | Val Loss 0.18338 | Val Acc 1.00000 
2024-07-15 18:07:18.120486 | epoch  1 | step  355 | lr 1.0000E-04 | Val Loss 0.37728 | Val Acc 0.83333 
2024-07-15 18:07:18.213640 | epoch  1 | step  356 | lr 1.0000E-04 | Val Loss 0.13681 | Val Acc 1.00000 
2024-07-15 18:07:18.326283 | epoch  1 | step  357 | lr 1.0000E-04 | Val Loss 0.31222 | Val Acc 0.83333 
2024-07-15 18:07:18.410184 | epoch  1 | step  358 | lr 1.0000E-04 | Val Loss 0.19782 | Val Acc 1.00000 
2024-07-15 18:07:18.518132 | epoch  1 | step  359 | lr 1.0000E-04 | Val Loss 0.23909 | Val Acc 0.83333 
2024-07-15 18:07:18.641609 | epoch  1 | step  360 | lr 1.0000E-04 | Val Loss 0.66442 | Val Acc 0.83333 
2024-07-15 18:07:18.719504 | epoch  1 | step  361 | lr 1.0000E-04 | Val Loss 0.37301 | Val Acc 0.83333 
2024-07-15 18:07:18.792168 | epoch  1 | step  362 | lr 1.0000E-04 | Val Loss 0.53811 | Val Acc 0.83333 
2024-07-15 18:07:18.866139 | epoch  1 | step  363 | lr 1.0000E-04 | Val Loss 0.20425 | Val Acc 1.00000 
2024-07-15 18:07:18.995750 | epoch  1 | step  364 | lr 1.0000E-04 | Val Loss 0.37642 | Val Acc 0.66667 
2024-07-15 18:07:19.672377 | epoch  1 | step  365 | lr 1.0000E-04 | Val Loss 0.35285 | Val Acc 1.00000 
2024-07-15 18:07:20.388234 | epoch  1 | step  366 | lr 1.0000E-04 | Val Loss 0.20893 | Val Acc 0.83333 
2024-07-15 18:07:20.496369 | epoch  1 | step  367 | lr 1.0000E-04 | Val Loss 0.03534 | Val Acc 1.00000 
2024-07-15 18:07:20.572338 Phase:val, Avg Loss:0.3237806260585785
2024-07-15 18:07:21.287834 | epoch  2 | step  370 | lr 1.0000E-04 | Train Loss 0.44274 | Train Acc 0.66667 
2024-07-15 18:07:22.410305 | epoch  2 | step  380 | lr 1.0000E-04 | Train Loss 0.59187 | Train Acc 0.66667 
2024-07-15 18:07:23.525864 | epoch  2 | step  390 | lr 1.0000E-04 | Train Loss 0.74779 | Train Acc 0.66667 
2024-07-15 18:07:24.546101 | epoch  2 | step  400 | lr 1.0000E-04 | Train Loss 0.13462 | Train Acc 1.00000 
2024-07-15 18:07:25.671592 | epoch  2 | step  410 | lr 1.0000E-04 | Train Loss 0.48420 | Train Acc 0.66667 
2024-07-15 18:07:26.801480 | epoch  2 | step  420 | lr 1.0000E-04 | Train Loss 0.06928 | Train Acc 1.00000 
2024-07-15 18:07:27.932399 | epoch  2 | step  430 | lr 1.0000E-04 | Train Loss 0.21464 | Train Acc 0.83333 
2024-07-15 18:07:29.078399 | epoch  2 | step  440 | lr 1.0000E-04 | Train Loss 0.06059 | Train Acc 1.00000 
2024-07-15 18:07:30.222151 | epoch  2 | step  450 | lr 1.0000E-04 | Train Loss 0.09427 | Train Acc 1.00000 
2024-07-15 18:07:31.143660 | epoch  2 | step  460 | lr 1.0000E-04 | Train Loss 0.06869 | Train Acc 1.00000 
2024-07-15 18:07:32.547815 | epoch  2 | step  470 | lr 1.0000E-04 | Train Loss 0.33593 | Train Acc 0.83333 
2024-07-15 18:07:33.818115 | epoch  2 | step  480 | lr 1.0000E-04 | Train Loss 0.06282 | Train Acc 1.00000 
2024-07-15 18:07:34.901609 | epoch  2 | step  490 | lr 1.0000E-04 | Train Loss 0.24664 | Train Acc 1.00000 
2024-07-15 18:07:35.879224 | epoch  2 | step  500 | lr 1.0000E-04 | Train Loss 0.21138 | Train Acc 1.00000 
2024-07-15 18:07:37.119991 | epoch  2 | step  510 | lr 1.0000E-04 | Train Loss 0.22830 | Train Acc 0.83333 
2024-07-15 18:07:38.075257 | epoch  2 | step  520 | lr 1.0000E-04 | Train Loss 0.14306 | Train Acc 1.00000 
2024-07-15 18:07:39.289173 | epoch  2 | step  530 | lr 1.0000E-04 | Train Loss 0.13019 | Train Acc 1.00000 
2024-07-15 18:07:40.300458 | epoch  2 | step  540 | lr 1.0000E-04 | Train Loss 0.05425 | Train Acc 1.00000 
2024-07-15 18:07:41.403223 | epoch  2 | step  550 | lr 1.0000E-04 | Train Loss 0.07433 | Train Acc 1.00000 
2024-07-15 18:07:42.418527 | epoch  2 | step  560 | lr 1.0000E-04 | Train Loss 0.34281 | Train Acc 0.83333 
2024-07-15 18:07:43.450195 | epoch  2 | step  570 | lr 1.0000E-04 | Train Loss 0.27211 | Train Acc 0.83333 
2024-07-15 18:07:44.724622 | epoch  2 | step  580 | lr 1.0000E-04 | Train Loss 0.04800 | Train Acc 1.00000 
2024-07-15 18:07:45.948573 | epoch  2 | step  590 | lr 1.0000E-04 | Train Loss 0.04206 | Train Acc 1.00000 
2024-07-15 18:07:47.020774 | epoch  2 | step  600 | lr 1.0000E-04 | Train Loss 0.29638 | Train Acc 0.83333 
2024-07-15 18:07:48.223440 | epoch  2 | step  610 | lr 1.0000E-04 | Train Loss 0.01906 | Train Acc 1.00000 
2024-07-15 18:07:49.275029 | epoch  2 | step  620 | lr 1.0000E-04 | Train Loss 0.44023 | Train Acc 0.83333 
2024-07-15 18:07:50.485345 | epoch  2 | step  630 | lr 1.0000E-04 | Train Loss 0.21502 | Train Acc 0.83333 
2024-07-15 18:07:51.697476 | epoch  2 | step  640 | lr 1.0000E-04 | Train Loss 0.07445 | Train Acc 1.00000 
2024-07-15 18:07:52.851968 | epoch  2 | step  650 | lr 1.0000E-04 | Train Loss 0.05356 | Train Acc 1.00000 
2024-07-15 18:07:53.778639 | epoch  2 | step  660 | lr 1.0000E-04 | Train Loss 0.64391 | Train Acc 0.83333 
2024-07-15 18:07:54.859426 | epoch  2 | step  670 | lr 1.0000E-04 | Train Loss 0.02415 | Train Acc 1.00000 
2024-07-15 18:07:55.951706 | epoch  2 | step  680 | lr 1.0000E-04 | Train Loss 0.28956 | Train Acc 0.83333 
2024-07-15 18:07:57.284607 | epoch  2 | step  690 | lr 1.0000E-04 | Train Loss 0.10349 | Train Acc 1.00000 
2024-07-15 18:07:58.409387 | epoch  2 | step  700 | lr 1.0000E-04 | Train Loss 0.04488 | Train Acc 1.00000 
2024-07-15 18:07:58.638789 Phase:train, Avg Loss:0.2426534742116928
2024-07-15 18:07:59.615833 | epoch  2 | step  702 | lr 1.0000E-04 | Val Loss 0.13452 | Val Acc 1.00000 
2024-07-15 18:07:59.723419 | epoch  2 | step  703 | lr 1.0000E-04 | Val Loss 0.08285 | Val Acc 1.00000 
2024-07-15 18:07:59.801865 | epoch  2 | step  704 | lr 1.0000E-04 | Val Loss 0.05116 | Val Acc 1.00000 
2024-07-15 18:08:00.285651 | epoch  2 | step  705 | lr 1.0000E-04 | Val Loss 0.23349 | Val Acc 0.83333 
2024-07-15 18:08:00.930154 | epoch  2 | step  706 | lr 1.0000E-04 | Val Loss 0.02614 | Val Acc 1.00000 
2024-07-15 18:08:01.066222 | epoch  2 | step  707 | lr 1.0000E-04 | Val Loss 0.59536 | Val Acc 0.66667 
2024-07-15 18:08:01.145355 | epoch  2 | step  708 | lr 1.0000E-04 | Val Loss 0.08892 | Val Acc 1.00000 
2024-07-15 18:08:01.228327 | epoch  2 | step  709 | lr 1.0000E-04 | Val Loss 0.29157 | Val Acc 0.83333 
2024-07-15 18:08:01.296914 | epoch  2 | step  710 | lr 1.0000E-04 | Val Loss 0.05555 | Val Acc 1.00000 
2024-07-15 18:08:01.367220 | epoch  2 | step  711 | lr 1.0000E-04 | Val Loss 0.32740 | Val Acc 0.83333 
2024-07-15 18:08:01.444708 | epoch  2 | step  712 | lr 1.0000E-04 | Val Loss 0.44580 | Val Acc 0.83333 
2024-07-15 18:08:01.525254 | epoch  2 | step  713 | lr 1.0000E-04 | Val Loss 0.22870 | Val Acc 0.83333 
2024-07-15 18:08:01.602393 | epoch  2 | step  714 | lr 1.0000E-04 | Val Loss 0.07871 | Val Acc 1.00000 
2024-07-15 18:08:01.684615 | epoch  2 | step  715 | lr 1.0000E-04 | Val Loss 0.03192 | Val Acc 1.00000 
2024-07-15 18:08:01.785168 | epoch  2 | step  716 | lr 1.0000E-04 | Val Loss 0.06943 | Val Acc 1.00000 
2024-07-15 18:08:01.893955 | epoch  2 | step  717 | lr 1.0000E-04 | Val Loss 0.04271 | Val Acc 1.00000 
2024-07-15 18:08:02.034156 | epoch  2 | step  718 | lr 1.0000E-04 | Val Loss 0.07599 | Val Acc 1.00000 
2024-07-15 18:08:02.148345 | epoch  2 | step  719 | lr 1.0000E-04 | Val Loss 0.18144 | Val Acc 0.83333 
2024-07-15 18:08:02.258668 | epoch  2 | step  720 | lr 1.0000E-04 | Val Loss 0.08457 | Val Acc 1.00000 
2024-07-15 18:08:02.406161 | epoch  2 | step  721 | lr 1.0000E-04 | Val Loss 0.03194 | Val Acc 1.00000 
2024-07-15 18:08:02.496699 | epoch  2 | step  722 | lr 1.0000E-04 | Val Loss 0.04032 | Val Acc 1.00000 
2024-07-15 18:08:02.577425 | epoch  2 | step  723 | lr 1.0000E-04 | Val Loss 0.06764 | Val Acc 1.00000 
2024-07-15 18:08:02.669369 | epoch  2 | step  724 | lr 1.0000E-04 | Val Loss 0.04440 | Val Acc 1.00000 
2024-07-15 18:08:02.771503 | epoch  2 | step  725 | lr 1.0000E-04 | Val Loss 0.37507 | Val Acc 0.83333 
2024-07-15 18:08:02.854055 | epoch  2 | step  726 | lr 1.0000E-04 | Val Loss 0.09627 | Val Acc 1.00000 
2024-07-15 18:08:02.934277 | epoch  2 | step  727 | lr 1.0000E-04 | Val Loss 0.23975 | Val Acc 0.83333 
2024-07-15 18:08:04.076124 | epoch  2 | step  728 | lr 1.0000E-04 | Val Loss 0.24258 | Val Acc 0.83333 
2024-07-15 18:08:04.277858 | epoch  2 | step  729 | lr 1.0000E-04 | Val Loss 0.08333 | Val Acc 1.00000 
2024-07-15 18:08:04.384368 | epoch  2 | step  730 | lr 1.0000E-04 | Val Loss 0.21083 | Val Acc 0.83333 
2024-07-15 18:08:04.462273 | epoch  2 | step  731 | lr 1.0000E-04 | Val Loss 0.17051 | Val Acc 0.83333 
2024-07-15 18:08:04.542095 | epoch  2 | step  732 | lr 1.0000E-04 | Val Loss 0.18435 | Val Acc 1.00000 
2024-07-15 18:08:04.631095 | epoch  2 | step  733 | lr 1.0000E-04 | Val Loss 0.05739 | Val Acc 1.00000 
2024-07-15 18:08:04.714783 | epoch  2 | step  734 | lr 1.0000E-04 | Val Loss 0.15217 | Val Acc 0.83333 
2024-07-15 18:08:04.786353 | epoch  2 | step  735 | lr 1.0000E-04 | Val Loss 0.00340 | Val Acc 1.00000 
2024-07-15 18:08:04.871281 Phase:val, Avg Loss:0.15077047049999237
2024-07-15 18:08:05.508555 | epoch  3 | step  740 | lr 1.0000E-04 | Train Loss 0.06564 | Train Acc 1.00000 
2024-07-15 18:08:06.702424 | epoch  3 | step  750 | lr 1.0000E-04 | Train Loss 0.04319 | Train Acc 1.00000 
2024-07-15 18:08:07.672235 | epoch  3 | step  760 | lr 1.0000E-04 | Train Loss 0.15352 | Train Acc 0.83333 
2024-07-15 18:08:08.697277 | epoch  3 | step  770 | lr 1.0000E-04 | Train Loss 0.11449 | Train Acc 1.00000 
2024-07-15 18:08:09.739107 | epoch  3 | step  780 | lr 1.0000E-04 | Train Loss 0.00971 | Train Acc 1.00000 
2024-07-15 18:08:10.815444 | epoch  3 | step  790 | lr 1.0000E-04 | Train Loss 0.42823 | Train Acc 0.83333 
2024-07-15 18:08:11.718670 | epoch  3 | step  800 | lr 1.0000E-04 | Train Loss 0.36559 | Train Acc 0.83333 
2024-07-15 18:08:12.787198 | epoch  3 | step  810 | lr 1.0000E-04 | Train Loss 0.12038 | Train Acc 1.00000 
2024-07-15 18:08:13.923791 | epoch  3 | step  820 | lr 1.0000E-04 | Train Loss 0.27224 | Train Acc 0.83333 
2024-07-15 18:08:14.749886 | epoch  3 | step  830 | lr 1.0000E-04 | Train Loss 0.01673 | Train Acc 1.00000 
2024-07-15 18:08:15.875049 | epoch  3 | step  840 | lr 1.0000E-04 | Train Loss 0.01385 | Train Acc 1.00000 
2024-07-15 18:08:16.932574 | epoch  3 | step  850 | lr 1.0000E-04 | Train Loss 0.00345 | Train Acc 1.00000 
2024-07-15 18:08:18.003377 | epoch  3 | step  860 | lr 1.0000E-04 | Train Loss 0.00632 | Train Acc 1.00000 
2024-07-15 18:08:19.155802 | epoch  3 | step  870 | lr 1.0000E-04 | Train Loss 0.34810 | Train Acc 0.83333 
2024-07-15 18:08:20.203538 | epoch  3 | step  880 | lr 1.0000E-04 | Train Loss 0.14857 | Train Acc 1.00000 
2024-07-15 18:08:21.228272 | epoch  3 | step  890 | lr 1.0000E-04 | Train Loss 0.07870 | Train Acc 1.00000 
2024-07-15 18:08:22.337089 | epoch  3 | step  900 | lr 1.0000E-04 | Train Loss 0.08910 | Train Acc 1.00000 
2024-07-15 18:08:23.429703 | epoch  3 | step  910 | lr 1.0000E-04 | Train Loss 0.12613 | Train Acc 1.00000 
2024-07-15 18:08:24.387704 | epoch  3 | step  920 | lr 1.0000E-04 | Train Loss 0.00658 | Train Acc 1.00000 
2024-07-15 18:08:25.407840 | epoch  3 | step  930 | lr 1.0000E-04 | Train Loss 0.00711 | Train Acc 1.00000 
2024-07-15 18:08:26.639379 | epoch  3 | step  940 | lr 1.0000E-04 | Train Loss 0.11204 | Train Acc 1.00000 
2024-07-15 18:08:27.599360 | epoch  3 | step  950 | lr 1.0000E-04 | Train Loss 0.01666 | Train Acc 1.00000 
2024-07-15 18:08:28.752429 | epoch  3 | step  960 | lr 1.0000E-04 | Train Loss 0.02262 | Train Acc 1.00000 
2024-07-15 18:08:29.772858 | epoch  3 | step  970 | lr 1.0000E-04 | Train Loss 0.02366 | Train Acc 1.00000 
2024-07-15 18:08:30.834617 | epoch  3 | step  980 | lr 1.0000E-04 | Train Loss 0.43140 | Train Acc 0.66667 
2024-07-15 18:08:31.839465 | epoch  3 | step  990 | lr 1.0000E-04 | Train Loss 0.02533 | Train Acc 1.00000 
2024-07-15 18:08:32.874846 | epoch  3 | step 1000 | lr 1.0000E-04 | Train Loss 0.38443 | Train Acc 0.83333 
2024-07-15 18:08:34.019371 | epoch  3 | step 1010 | lr 1.0000E-04 | Train Loss 0.03183 | Train Acc 1.00000 
2024-07-15 18:08:35.125222 | epoch  3 | step 1020 | lr 1.0000E-04 | Train Loss 0.01749 | Train Acc 1.00000 
2024-07-15 18:08:36.213131 | epoch  3 | step 1030 | lr 1.0000E-04 | Train Loss 0.01964 | Train Acc 1.00000 
2024-07-15 18:08:37.372263 | epoch  3 | step 1040 | lr 1.0000E-04 | Train Loss 0.01534 | Train Acc 1.00000 
2024-07-15 18:08:38.427892 | epoch  3 | step 1050 | lr 1.0000E-04 | Train Loss 0.01067 | Train Acc 1.00000 
2024-07-15 18:08:39.511372 | epoch  3 | step 1060 | lr 1.0000E-04 | Train Loss 0.01772 | Train Acc 1.00000 
2024-07-15 18:08:40.558463 Phase:train, Avg Loss:0.141959086060524
2024-07-15 18:08:42.054761 | epoch  3 | step 1070 | lr 1.0000E-04 | Val Loss 0.19574 | Val Acc 0.83333 
2024-07-15 18:08:42.119912 | epoch  3 | step 1071 | lr 1.0000E-04 | Val Loss 0.34747 | Val Acc 0.66667 
2024-07-15 18:08:42.199301 | epoch  3 | step 1072 | lr 1.0000E-04 | Val Loss 0.16303 | Val Acc 0.83333 
2024-07-15 18:08:42.316791 | epoch  3 | step 1073 | lr 1.0000E-04 | Val Loss 0.40084 | Val Acc 0.66667 
2024-07-15 18:08:42.438260 | epoch  3 | step 1074 | lr 1.0000E-04 | Val Loss 0.02466 | Val Acc 1.00000 
2024-07-15 18:08:42.530777 | epoch  3 | step 1075 | lr 1.0000E-04 | Val Loss 0.12378 | Val Acc 1.00000 
2024-07-15 18:08:42.602179 | epoch  3 | step 1076 | lr 1.0000E-04 | Val Loss 0.48419 | Val Acc 0.66667 
2024-07-15 18:08:42.702160 | epoch  3 | step 1077 | lr 1.0000E-04 | Val Loss 0.16965 | Val Acc 0.83333 
2024-07-15 18:08:42.784987 | epoch  3 | step 1078 | lr 1.0000E-04 | Val Loss 0.42624 | Val Acc 0.83333 
2024-07-15 18:08:42.858180 | epoch  3 | step 1079 | lr 1.0000E-04 | Val Loss 0.34244 | Val Acc 0.83333 
2024-07-15 18:08:42.937757 | epoch  3 | step 1080 | lr 1.0000E-04 | Val Loss 0.76349 | Val Acc 0.66667 
2024-07-15 18:08:43.017645 | epoch  3 | step 1081 | lr 1.0000E-04 | Val Loss 0.45791 | Val Acc 0.83333 
2024-07-15 18:08:43.074128 | epoch  3 | step 1082 | lr 1.0000E-04 | Val Loss 0.05437 | Val Acc 1.00000 
2024-07-15 18:08:43.148103 | epoch  3 | step 1083 | lr 1.0000E-04 | Val Loss 0.02352 | Val Acc 1.00000 
2024-07-15 18:08:43.206845 | epoch  3 | step 1084 | lr 1.0000E-04 | Val Loss 0.05367 | Val Acc 1.00000 
2024-07-15 18:08:43.262692 | epoch  3 | step 1085 | lr 1.0000E-04 | Val Loss 0.03335 | Val Acc 1.00000 
2024-07-15 18:08:43.325484 | epoch  3 | step 1086 | lr 1.0000E-04 | Val Loss 0.14078 | Val Acc 1.00000 
2024-07-15 18:08:43.584561 | epoch  3 | step 1087 | lr 1.0000E-04 | Val Loss 0.43424 | Val Acc 0.83333 
2024-07-15 18:08:44.539631 | epoch  3 | step 1088 | lr 1.0000E-04 | Val Loss 0.13596 | Val Acc 1.00000 
2024-07-15 18:08:44.648076 | epoch  3 | step 1089 | lr 1.0000E-04 | Val Loss 0.65309 | Val Acc 0.66667 
2024-07-15 18:08:44.734123 | epoch  3 | step 1090 | lr 1.0000E-04 | Val Loss 0.04737 | Val Acc 1.00000 
2024-07-15 18:08:44.823389 | epoch  3 | step 1091 | lr 1.0000E-04 | Val Loss 0.13328 | Val Acc 1.00000 
2024-07-15 18:08:44.950214 | epoch  3 | step 1092 | lr 1.0000E-04 | Val Loss 0.32097 | Val Acc 0.83333 
2024-07-15 18:08:45.043191 | epoch  3 | step 1093 | lr 1.0000E-04 | Val Loss 0.44441 | Val Acc 0.83333 
2024-07-15 18:08:45.131723 | epoch  3 | step 1094 | lr 1.0000E-04 | Val Loss 0.42994 | Val Acc 0.83333 
2024-07-15 18:08:45.246076 | epoch  3 | step 1095 | lr 1.0000E-04 | Val Loss 0.11002 | Val Acc 1.00000 
2024-07-15 18:08:45.332659 | epoch  3 | step 1096 | lr 1.0000E-04 | Val Loss 0.37397 | Val Acc 0.83333 
2024-07-15 18:08:45.430330 | epoch  3 | step 1097 | lr 1.0000E-04 | Val Loss 0.02805 | Val Acc 1.00000 
2024-07-15 18:08:45.526093 | epoch  3 | step 1098 | lr 1.0000E-04 | Val Loss 0.19804 | Val Acc 1.00000 
2024-07-15 18:08:45.633148 | epoch  3 | step 1099 | lr 1.0000E-04 | Val Loss 0.03431 | Val Acc 1.00000 
2024-07-15 18:08:45.741396 | epoch  3 | step 1100 | lr 1.0000E-04 | Val Loss 0.54254 | Val Acc 0.83333 
2024-07-15 18:08:45.881026 | epoch  3 | step 1101 | lr 1.0000E-04 | Val Loss 0.03768 | Val Acc 1.00000 
2024-07-15 18:08:45.974142 | epoch  3 | step 1102 | lr 1.0000E-04 | Val Loss 0.40255 | Val Acc 0.83333 
2024-07-15 18:08:46.042475 | epoch  3 | step 1103 | lr 1.0000E-04 | Val Loss 0.01481 | Val Acc 1.00000 
2024-07-15 18:08:46.122571 Phase:val, Avg Loss:0.2513638436794281
2024-07-15 18:08:47.020421 | epoch  4 | step 1110 | lr 1.0000E-04 | Train Loss 0.47459 | Train Acc 0.83333 
2024-07-15 18:08:48.094560 | epoch  4 | step 1120 | lr 1.0000E-04 | Train Loss 0.08303 | Train Acc 1.00000 
2024-07-15 18:08:49.119959 | epoch  4 | step 1130 | lr 1.0000E-04 | Train Loss 0.05617 | Train Acc 1.00000 
2024-07-15 18:08:50.217053 | epoch  4 | step 1140 | lr 1.0000E-04 | Train Loss 0.01869 | Train Acc 1.00000 
2024-07-15 18:08:51.285555 | epoch  4 | step 1150 | lr 1.0000E-04 | Train Loss 0.00642 | Train Acc 1.00000 
2024-07-15 18:08:52.374431 | epoch  4 | step 1160 | lr 1.0000E-04 | Train Loss 0.07571 | Train Acc 1.00000 
2024-07-15 18:08:53.326181 | epoch  4 | step 1170 | lr 1.0000E-04 | Train Loss 0.04852 | Train Acc 1.00000 
2024-07-15 18:08:54.603283 | epoch  4 | step 1180 | lr 1.0000E-04 | Train Loss 0.09520 | Train Acc 1.00000 
2024-07-15 18:08:55.455558 | epoch  4 | step 1190 | lr 1.0000E-04 | Train Loss 0.04646 | Train Acc 1.00000 
2024-07-15 18:08:56.506789 | epoch  4 | step 1200 | lr 1.0000E-04 | Train Loss 0.65277 | Train Acc 0.66667 
2024-07-15 18:08:57.565187 | epoch  4 | step 1210 | lr 1.0000E-04 | Train Loss 0.03462 | Train Acc 1.00000 
2024-07-15 18:08:58.703221 | epoch  4 | step 1220 | lr 1.0000E-04 | Train Loss 0.02022 | Train Acc 1.00000 
2024-07-15 18:08:59.800341 | epoch  4 | step 1230 | lr 1.0000E-04 | Train Loss 0.01466 | Train Acc 1.00000 
2024-07-15 18:09:00.975544 | epoch  4 | step 1240 | lr 1.0000E-04 | Train Loss 0.02405 | Train Acc 1.00000 
2024-07-15 18:09:02.071905 | epoch  4 | step 1250 | lr 1.0000E-04 | Train Loss 0.03872 | Train Acc 1.00000 
2024-07-15 18:09:03.092733 | epoch  4 | step 1260 | lr 1.0000E-04 | Train Loss 0.03623 | Train Acc 1.00000 
2024-07-15 18:09:04.130636 | epoch  4 | step 1270 | lr 1.0000E-04 | Train Loss 0.00158 | Train Acc 1.00000 
2024-07-15 18:09:05.440009 | epoch  4 | step 1280 | lr 1.0000E-04 | Train Loss 0.01127 | Train Acc 1.00000 
2024-07-15 18:09:06.438357 | epoch  4 | step 1290 | lr 1.0000E-04 | Train Loss 0.15449 | Train Acc 1.00000 
2024-07-15 18:09:07.560814 | epoch  4 | step 1300 | lr 1.0000E-04 | Train Loss 0.04455 | Train Acc 1.00000 
2024-07-15 18:09:08.556829 | epoch  4 | step 1310 | lr 1.0000E-04 | Train Loss 0.03724 | Train Acc 1.00000 
2024-07-15 18:09:09.693209 | epoch  4 | step 1320 | lr 1.0000E-04 | Train Loss 0.01513 | Train Acc 1.00000 
2024-07-15 18:09:10.656427 | epoch  4 | step 1330 | lr 1.0000E-04 | Train Loss 0.15498 | Train Acc 1.00000 
2024-07-15 18:09:11.642160 | epoch  4 | step 1340 | lr 1.0000E-04 | Train Loss 0.00361 | Train Acc 1.00000 
2024-07-15 18:09:12.582521 | epoch  4 | step 1350 | lr 1.0000E-04 | Train Loss 0.00756 | Train Acc 1.00000 
2024-07-15 18:09:13.723619 | epoch  4 | step 1360 | lr 1.0000E-04 | Train Loss 0.21446 | Train Acc 0.83333 
2024-07-15 18:09:14.785112 | epoch  4 | step 1370 | lr 1.0000E-04 | Train Loss 0.01506 | Train Acc 1.00000 
2024-07-15 18:09:15.881611 | epoch  4 | step 1380 | lr 1.0000E-04 | Train Loss 0.05626 | Train Acc 1.00000 
2024-07-15 18:09:16.988052 | epoch  4 | step 1390 | lr 1.0000E-04 | Train Loss 0.00754 | Train Acc 1.00000 
2024-07-15 18:09:17.919670 | epoch  4 | step 1400 | lr 1.0000E-04 | Train Loss 0.51530 | Train Acc 0.83333 
2024-07-15 18:09:19.034747 | epoch  4 | step 1410 | lr 1.0000E-04 | Train Loss 0.06437 | Train Acc 1.00000 
2024-07-15 18:09:20.253988 | epoch  4 | step 1420 | lr 1.0000E-04 | Train Loss 0.02650 | Train Acc 1.00000 
2024-07-15 18:09:21.238897 | epoch  4 | step 1430 | lr 1.0000E-04 | Train Loss 0.45392 | Train Acc 0.83333 
2024-07-15 18:09:22.074676 Phase:train, Avg Loss:0.11994179338216782
2024-07-15 18:09:23.092224 | epoch  4 | step 1438 | lr 1.0000E-04 | Val Loss 0.03357 | Val Acc 1.00000 
2024-07-15 18:09:23.176908 | epoch  4 | step 1439 | lr 1.0000E-04 | Val Loss 0.01245 | Val Acc 1.00000 
2024-07-15 18:09:23.233951 | epoch  4 | step 1440 | lr 1.0000E-04 | Val Loss 0.03998 | Val Acc 1.00000 
2024-07-15 18:09:23.276101 | epoch  4 | step 1441 | lr 1.0000E-04 | Val Loss 0.39848 | Val Acc 0.83333 
2024-07-15 18:09:23.323622 | epoch  4 | step 1442 | lr 1.0000E-04 | Val Loss 0.01105 | Val Acc 1.00000 
2024-07-15 18:09:23.398607 | epoch  4 | step 1443 | lr 1.0000E-04 | Val Loss 0.45764 | Val Acc 0.83333 
2024-07-15 18:09:23.459514 | epoch  4 | step 1444 | lr 1.0000E-04 | Val Loss 0.07012 | Val Acc 1.00000 
2024-07-15 18:09:23.590067 | epoch  4 | step 1445 | lr 1.0000E-04 | Val Loss 0.22374 | Val Acc 0.83333 
2024-07-15 18:09:23.655912 | epoch  4 | step 1446 | lr 1.0000E-04 | Val Loss 0.13846 | Val Acc 1.00000 
2024-07-15 18:09:23.724081 | epoch  4 | step 1447 | lr 1.0000E-04 | Val Loss 0.07966 | Val Acc 1.00000 
2024-07-15 18:09:23.788251 | epoch  4 | step 1448 | lr 1.0000E-04 | Val Loss 0.35079 | Val Acc 0.66667 
2024-07-15 18:09:23.853393 | epoch  4 | step 1449 | lr 1.0000E-04 | Val Loss 0.10973 | Val Acc 1.00000 
2024-07-15 18:09:23.927993 | epoch  4 | step 1450 | lr 1.0000E-04 | Val Loss 0.02216 | Val Acc 1.00000 
2024-07-15 18:09:23.988367 | epoch  4 | step 1451 | lr 1.0000E-04 | Val Loss 0.01018 | Val Acc 1.00000 
2024-07-15 18:09:24.065455 | epoch  4 | step 1452 | lr 1.0000E-04 | Val Loss 0.03475 | Val Acc 1.00000 
2024-07-15 18:09:24.173042 | epoch  4 | step 1453 | lr 1.0000E-04 | Val Loss 0.01583 | Val Acc 1.00000 
2024-07-15 18:09:25.150080 | epoch  4 | step 1454 | lr 1.0000E-04 | Val Loss 0.17854 | Val Acc 0.83333 
2024-07-15 18:09:25.355299 | epoch  4 | step 1455 | lr 1.0000E-04 | Val Loss 0.05027 | Val Acc 1.00000 
2024-07-15 18:09:25.449180 | epoch  4 | step 1456 | lr 1.0000E-04 | Val Loss 0.04928 | Val Acc 1.00000 
2024-07-15 18:09:25.531837 | epoch  4 | step 1457 | lr 1.0000E-04 | Val Loss 0.04653 | Val Acc 1.00000 
2024-07-15 18:09:25.601033 | epoch  4 | step 1458 | lr 1.0000E-04 | Val Loss 0.01632 | Val Acc 1.00000 
2024-07-15 18:09:25.670302 | epoch  4 | step 1459 | lr 1.0000E-04 | Val Loss 0.16013 | Val Acc 0.83333 
2024-07-15 18:09:25.734086 | epoch  4 | step 1460 | lr 1.0000E-04 | Val Loss 0.02310 | Val Acc 1.00000 
2024-07-15 18:09:25.845549 | epoch  4 | step 1461 | lr 1.0000E-04 | Val Loss 0.10697 | Val Acc 1.00000 
2024-07-15 18:09:25.910504 | epoch  4 | step 1462 | lr 1.0000E-04 | Val Loss 0.14550 | Val Acc 1.00000 
2024-07-15 18:09:25.977582 | epoch  4 | step 1463 | lr 1.0000E-04 | Val Loss 0.07754 | Val Acc 1.00000 
2024-07-15 18:09:26.070247 | epoch  4 | step 1464 | lr 1.0000E-04 | Val Loss 0.54288 | Val Acc 0.83333 
2024-07-15 18:09:26.132470 | epoch  4 | step 1465 | lr 1.0000E-04 | Val Loss 0.01596 | Val Acc 1.00000 
2024-07-15 18:09:26.198294 | epoch  4 | step 1466 | lr 1.0000E-04 | Val Loss 0.32992 | Val Acc 0.83333 
2024-07-15 18:09:26.253854 | epoch  4 | step 1467 | lr 1.0000E-04 | Val Loss 0.04435 | Val Acc 1.00000 
2024-07-15 18:09:26.320592 | epoch  4 | step 1468 | lr 1.0000E-04 | Val Loss 0.07831 | Val Acc 1.00000 
2024-07-15 18:09:26.374368 | epoch  4 | step 1469 | lr 1.0000E-04 | Val Loss 0.02756 | Val Acc 1.00000 
2024-07-15 18:09:26.446344 | epoch  4 | step 1470 | lr 1.0000E-04 | Val Loss 0.02864 | Val Acc 1.00000 
2024-07-15 18:09:26.498358 | epoch  4 | step 1471 | lr 1.0000E-04 | Val Loss 0.00561 | Val Acc 1.00000 
2024-07-15 18:09:26.588767 Phase:val, Avg Loss:0.11576536297798157
2024-07-15 18:09:27.979873 | epoch  5 | step 1480 | lr 1.0000E-04 | Train Loss 0.01278 | Train Acc 1.00000 
2024-07-15 18:09:29.043108 | epoch  5 | step 1490 | lr 1.0000E-04 | Train Loss 0.39539 | Train Acc 0.83333 
2024-07-15 18:09:30.178139 | epoch  5 | step 1500 | lr 1.0000E-04 | Train Loss 0.01570 | Train Acc 1.00000 
2024-07-15 18:09:31.176926 | epoch  5 | step 1510 | lr 1.0000E-04 | Train Loss 0.01148 | Train Acc 1.00000 
2024-07-15 18:09:32.240926 | epoch  5 | step 1520 | lr 1.0000E-04 | Train Loss 0.02062 | Train Acc 1.00000 
2024-07-15 18:09:33.149790 | epoch  5 | step 1530 | lr 1.0000E-04 | Train Loss 0.00515 | Train Acc 1.00000 
2024-07-15 18:09:34.209431 | epoch  5 | step 1540 | lr 1.0000E-04 | Train Loss 0.25906 | Train Acc 0.83333 
2024-07-15 18:09:34.995223 | epoch  5 | step 1550 | lr 1.0000E-04 | Train Loss 0.01588 | Train Acc 1.00000 
2024-07-15 18:09:35.959233 | epoch  5 | step 1560 | lr 1.0000E-04 | Train Loss 0.66602 | Train Acc 0.83333 
2024-07-15 18:09:36.972310 | epoch  5 | step 1570 | lr 1.0000E-04 | Train Loss 0.01325 | Train Acc 1.00000 
2024-07-15 18:09:37.873886 | epoch  5 | step 1580 | lr 1.0000E-04 | Train Loss 0.05658 | Train Acc 1.00000 
2024-07-15 18:09:38.924546 | epoch  5 | step 1590 | lr 1.0000E-04 | Train Loss 0.03293 | Train Acc 1.00000 
2024-07-15 18:09:39.999930 | epoch  5 | step 1600 | lr 1.0000E-04 | Train Loss 0.12486 | Train Acc 1.00000 
2024-07-15 18:09:40.758215 | epoch  5 | step 1610 | lr 1.0000E-04 | Train Loss 0.00564 | Train Acc 1.00000 
2024-07-15 18:09:41.757869 | epoch  5 | step 1620 | lr 1.0000E-04 | Train Loss 0.00514 | Train Acc 1.00000 
2024-07-15 18:09:42.656528 | epoch  5 | step 1630 | lr 1.0000E-04 | Train Loss 0.58288 | Train Acc 0.83333 
2024-07-15 18:09:43.542866 | epoch  5 | step 1640 | lr 1.0000E-04 | Train Loss 0.01596 | Train Acc 1.00000 
2024-07-15 18:09:44.449507 | epoch  5 | step 1650 | lr 1.0000E-04 | Train Loss 0.01980 | Train Acc 1.00000 
2024-07-15 18:09:45.364733 | epoch  5 | step 1660 | lr 1.0000E-04 | Train Loss 0.07359 | Train Acc 1.00000 
2024-07-15 18:09:46.243593 | epoch  5 | step 1670 | lr 1.0000E-04 | Train Loss 0.00760 | Train Acc 1.00000 
2024-07-15 18:09:47.157702 | epoch  5 | step 1680 | lr 1.0000E-04 | Train Loss 0.02075 | Train Acc 1.00000 
2024-07-15 18:09:47.967287 | epoch  5 | step 1690 | lr 1.0000E-04 | Train Loss 0.00282 | Train Acc 1.00000 
2024-07-15 18:09:48.935731 | epoch  5 | step 1700 | lr 1.0000E-04 | Train Loss 0.01175 | Train Acc 1.00000 
2024-07-15 18:09:49.696942 | epoch  5 | step 1710 | lr 1.0000E-04 | Train Loss 0.00621 | Train Acc 1.00000 
2024-07-15 18:09:50.771801 | epoch  5 | step 1720 | lr 1.0000E-04 | Train Loss 0.01585 | Train Acc 1.00000 
2024-07-15 18:09:51.704357 | epoch  5 | step 1730 | lr 1.0000E-04 | Train Loss 0.01036 | Train Acc 1.00000 
2024-07-15 18:09:52.752346 | epoch  5 | step 1740 | lr 1.0000E-04 | Train Loss 0.74332 | Train Acc 0.83333 
2024-07-15 18:09:53.595475 | epoch  5 | step 1750 | lr 1.0000E-04 | Train Loss 0.09424 | Train Acc 1.00000 
2024-07-15 18:09:54.579259 | epoch  5 | step 1760 | lr 1.0000E-04 | Train Loss 0.05902 | Train Acc 1.00000 
2024-07-15 18:09:55.486301 | epoch  5 | step 1770 | lr 1.0000E-04 | Train Loss 0.01014 | Train Acc 1.00000 
2024-07-15 18:09:56.332471 | epoch  5 | step 1780 | lr 1.0000E-04 | Train Loss 0.00837 | Train Acc 1.00000 
2024-07-15 18:09:57.277718 | epoch  5 | step 1790 | lr 1.0000E-04 | Train Loss 0.00350 | Train Acc 1.00000 
2024-07-15 18:09:58.155418 | epoch  5 | step 1800 | lr 1.0000E-04 | Train Loss 0.00273 | Train Acc 1.00000 
2024-07-15 18:09:58.531320 Phase:train, Avg Loss:0.09748160094022751
2024-07-15 18:10:00.251702 | epoch  5 | step 1806 | lr 1.0000E-04 | Val Loss 0.00247 | Val Acc 1.00000 
2024-07-15 18:10:00.347270 | epoch  5 | step 1807 | lr 1.0000E-04 | Val Loss 0.02413 | Val Acc 1.00000 
2024-07-15 18:10:00.413435 | epoch  5 | step 1808 | lr 1.0000E-04 | Val Loss 0.00550 | Val Acc 1.00000 
2024-07-15 18:10:00.471127 | epoch  5 | step 1809 | lr 1.0000E-04 | Val Loss 0.48859 | Val Acc 0.66667 
2024-07-15 18:10:00.532040 | epoch  5 | step 1810 | lr 1.0000E-04 | Val Loss 0.00434 | Val Acc 1.00000 
2024-07-15 18:10:00.604243 | epoch  5 | step 1811 | lr 1.0000E-04 | Val Loss 0.10186 | Val Acc 1.00000 
2024-07-15 18:10:00.651070 | epoch  5 | step 1812 | lr 1.0000E-04 | Val Loss 0.03585 | Val Acc 1.00000 
2024-07-15 18:10:00.690100 | epoch  5 | step 1813 | lr 1.0000E-04 | Val Loss 0.17124 | Val Acc 0.83333 
2024-07-15 18:10:00.730442 | epoch  5 | step 1814 | lr 1.0000E-04 | Val Loss 0.44886 | Val Acc 0.83333 
2024-07-15 18:10:00.810811 | epoch  5 | step 1815 | lr 1.0000E-04 | Val Loss 0.12408 | Val Acc 1.00000 
2024-07-15 18:10:00.879093 | epoch  5 | step 1816 | lr 1.0000E-04 | Val Loss 0.79114 | Val Acc 0.66667 
2024-07-15 18:10:00.955629 | epoch  5 | step 1817 | lr 1.0000E-04 | Val Loss 0.05496 | Val Acc 1.00000 
2024-07-15 18:10:00.998009 | epoch  5 | step 1818 | lr 1.0000E-04 | Val Loss 0.00811 | Val Acc 1.00000 
2024-07-15 18:10:01.062309 | epoch  5 | step 1819 | lr 1.0000E-04 | Val Loss 0.00264 | Val Acc 1.00000 
2024-07-15 18:10:01.131439 | epoch  5 | step 1820 | lr 1.0000E-04 | Val Loss 0.00464 | Val Acc 1.00000 
2024-07-15 18:10:01.234472 | epoch  5 | step 1821 | lr 1.0000E-04 | Val Loss 0.00417 | Val Acc 1.00000 
2024-07-15 18:10:01.326163 | epoch  5 | step 1822 | lr 1.0000E-04 | Val Loss 0.00627 | Val Acc 1.00000 
2024-07-15 18:10:01.461951 | epoch  5 | step 1823 | lr 1.0000E-04 | Val Loss 0.00344 | Val Acc 1.00000 
2024-07-15 18:10:01.562225 | epoch  5 | step 1824 | lr 1.0000E-04 | Val Loss 0.00400 | Val Acc 1.00000 
2024-07-15 18:10:02.740651 | epoch  5 | step 1825 | lr 1.0000E-04 | Val Loss 0.00943 | Val Acc 1.00000 
2024-07-15 18:10:02.885052 | epoch  5 | step 1826 | lr 1.0000E-04 | Val Loss 0.00524 | Val Acc 1.00000 
2024-07-15 18:10:02.956184 | epoch  5 | step 1827 | lr 1.0000E-04 | Val Loss 0.01855 | Val Acc 1.00000 
2024-07-15 18:10:03.006871 | epoch  5 | step 1828 | lr 1.0000E-04 | Val Loss 0.00546 | Val Acc 1.00000 
2024-07-15 18:10:03.125423 | epoch  5 | step 1829 | lr 1.0000E-04 | Val Loss 0.01052 | Val Acc 1.00000 
2024-07-15 18:10:03.202052 | epoch  5 | step 1830 | lr 1.0000E-04 | Val Loss 0.09662 | Val Acc 1.00000 
2024-07-15 18:10:03.306041 | epoch  5 | step 1831 | lr 1.0000E-04 | Val Loss 0.34053 | Val Acc 0.83333 
2024-07-15 18:10:03.390504 | epoch  5 | step 1832 | lr 1.0000E-04 | Val Loss 0.36933 | Val Acc 0.83333 
2024-07-15 18:10:03.483471 | epoch  5 | step 1833 | lr 1.0000E-04 | Val Loss 0.00332 | Val Acc 1.00000 
2024-07-15 18:10:03.565892 | epoch  5 | step 1834 | lr 1.0000E-04 | Val Loss 0.96332 | Val Acc 0.83333 
2024-07-15 18:10:03.619262 | epoch  5 | step 1835 | lr 1.0000E-04 | Val Loss 0.03805 | Val Acc 1.00000 
2024-07-15 18:10:03.672082 | epoch  5 | step 1836 | lr 1.0000E-04 | Val Loss 0.78950 | Val Acc 0.83333 
2024-07-15 18:10:03.739307 | epoch  5 | step 1837 | lr 1.0000E-04 | Val Loss 0.00737 | Val Acc 1.00000 
2024-07-15 18:10:03.805673 | epoch  5 | step 1838 | lr 1.0000E-04 | Val Loss 0.23484 | Val Acc 0.83333 
2024-07-15 18:10:03.861277 | epoch  5 | step 1839 | lr 1.0000E-04 | Val Loss 0.00147 | Val Acc 1.00000 
2024-07-15 18:10:03.906009 Phase:val, Avg Loss:0.15234777331352234
2024-07-15 18:10:04.406268 | epoch  6 | step 1840 | lr 1.0000E-04 | Train Loss 0.36246 | Train Acc 0.83333 
2024-07-15 18:10:05.289370 | epoch  6 | step 1850 | lr 1.0000E-04 | Train Loss 0.01997 | Train Acc 1.00000 
2024-07-15 18:10:06.235096 | epoch  6 | step 1860 | lr 1.0000E-04 | Train Loss 0.00407 | Train Acc 1.00000 
2024-07-15 18:10:07.192807 | epoch  6 | step 1870 | lr 1.0000E-04 | Train Loss 0.02264 | Train Acc 1.00000 
2024-07-15 18:10:08.188123 | epoch  6 | step 1880 | lr 1.0000E-04 | Train Loss 0.25740 | Train Acc 0.83333 
2024-07-15 18:10:09.227881 | epoch  6 | step 1890 | lr 1.0000E-04 | Train Loss 0.02658 | Train Acc 1.00000 
2024-07-15 18:10:10.131266 | epoch  6 | step 1900 | lr 1.0000E-04 | Train Loss 0.01245 | Train Acc 1.00000 
2024-07-15 18:10:11.156112 | epoch  6 | step 1910 | lr 1.0000E-04 | Train Loss 0.02135 | Train Acc 1.00000 
2024-07-15 18:10:12.186255 | epoch  6 | step 1920 | lr 1.0000E-04 | Train Loss 0.01866 | Train Acc 1.00000 
2024-07-15 18:10:12.955607 | epoch  6 | step 1930 | lr 1.0000E-04 | Train Loss 0.51519 | Train Acc 0.66667 
2024-07-15 18:10:13.870929 | epoch  6 | step 1940 | lr 1.0000E-04 | Train Loss 0.09879 | Train Acc 1.00000 
2024-07-15 18:10:14.956371 | epoch  6 | step 1950 | lr 1.0000E-04 | Train Loss 0.11046 | Train Acc 1.00000 
2024-07-15 18:10:15.747992 | epoch  6 | step 1960 | lr 1.0000E-04 | Train Loss 0.01758 | Train Acc 1.00000 
2024-07-15 18:10:16.768950 | epoch  6 | step 1970 | lr 1.0000E-04 | Train Loss 0.01372 | Train Acc 1.00000 
2024-07-15 18:10:17.608280 | epoch  6 | step 1980 | lr 1.0000E-04 | Train Loss 0.26700 | Train Acc 0.83333 
2024-07-15 18:10:18.643941 | epoch  6 | step 1990 | lr 1.0000E-04 | Train Loss 0.06369 | Train Acc 1.00000 
2024-07-15 18:10:19.712365 | epoch  6 | step 2000 | lr 1.0000E-04 | Train Loss 0.00639 | Train Acc 1.00000 
2024-07-15 18:10:20.539062 | epoch  6 | step 2010 | lr 1.0000E-04 | Train Loss 0.09643 | Train Acc 1.00000 
2024-07-15 18:10:21.510780 | epoch  6 | step 2020 | lr 1.0000E-04 | Train Loss 0.00463 | Train Acc 1.00000 
2024-07-15 18:10:22.706446 | epoch  6 | step 2030 | lr 1.0000E-04 | Train Loss 0.21444 | Train Acc 1.00000 
2024-07-15 18:10:23.422498 | epoch  6 | step 2040 | lr 1.0000E-04 | Train Loss 0.11525 | Train Acc 1.00000 
2024-07-15 18:10:24.419299 | epoch  6 | step 2050 | lr 1.0000E-04 | Train Loss 0.01202 | Train Acc 1.00000 
2024-07-15 18:10:25.186728 | epoch  6 | step 2060 | lr 1.0000E-04 | Train Loss 0.02790 | Train Acc 1.00000 
2024-07-15 18:10:26.074911 | epoch  6 | step 2070 | lr 1.0000E-04 | Train Loss 0.02770 | Train Acc 1.00000 
2024-07-15 18:10:26.857085 | epoch  6 | step 2080 | lr 1.0000E-04 | Train Loss 0.00480 | Train Acc 1.00000 
2024-07-15 18:10:28.123010 | epoch  6 | step 2090 | lr 1.0000E-04 | Train Loss 1.15282 | Train Acc 0.83333 
2024-07-15 18:10:29.181118 | epoch  6 | step 2100 | lr 1.0000E-04 | Train Loss 0.02224 | Train Acc 1.00000 
2024-07-15 18:10:30.434296 | epoch  6 | step 2110 | lr 1.0000E-04 | Train Loss 0.07055 | Train Acc 1.00000 
2024-07-15 18:10:31.149552 | epoch  6 | step 2120 | lr 1.0000E-04 | Train Loss 0.01401 | Train Acc 1.00000 
2024-07-15 18:10:32.211060 | epoch  6 | step 2130 | lr 1.0000E-04 | Train Loss 0.00717 | Train Acc 1.00000 
2024-07-15 18:10:33.035114 | epoch  6 | step 2140 | lr 1.0000E-04 | Train Loss 0.01736 | Train Acc 1.00000 
2024-07-15 18:10:34.159861 | epoch  6 | step 2150 | lr 1.0000E-04 | Train Loss 0.00762 | Train Acc 1.00000 
2024-07-15 18:10:35.138966 | epoch  6 | step 2160 | lr 1.0000E-04 | Train Loss 0.01845 | Train Acc 1.00000 
2024-07-15 18:10:36.278678 | epoch  6 | step 2170 | lr 1.0000E-04 | Train Loss 0.00598 | Train Acc 1.00000 
2024-07-15 18:10:36.560736 Phase:train, Avg Loss:0.1085648238658905
2024-07-15 18:10:38.137252 | epoch  6 | step 2174 | lr 1.0000E-04 | Val Loss 0.00104 | Val Acc 1.00000 
2024-07-15 18:10:38.213583 | epoch  6 | step 2175 | lr 1.0000E-04 | Val Loss 0.00396 | Val Acc 1.00000 
2024-07-15 18:10:38.306230 | epoch  6 | step 2176 | lr 1.0000E-04 | Val Loss 0.00546 | Val Acc 1.00000 
2024-07-15 18:10:38.389049 | epoch  6 | step 2177 | lr 1.0000E-04 | Val Loss 0.00877 | Val Acc 1.00000 
2024-07-15 18:10:38.437905 | epoch  6 | step 2178 | lr 1.0000E-04 | Val Loss 0.00198 | Val Acc 1.00000 
2024-07-15 18:10:38.512066 | epoch  6 | step 2179 | lr 1.0000E-04 | Val Loss 0.10693 | Val Acc 1.00000 
2024-07-15 18:10:38.575449 | epoch  6 | step 2180 | lr 1.0000E-04 | Val Loss 0.00105 | Val Acc 1.00000 
2024-07-15 18:10:38.663667 | epoch  6 | step 2181 | lr 1.0000E-04 | Val Loss 0.93271 | Val Acc 0.83333 
2024-07-15 18:10:38.744156 | epoch  6 | step 2182 | lr 1.0000E-04 | Val Loss 0.00427 | Val Acc 1.00000 
2024-07-15 18:10:38.815326 | epoch  6 | step 2183 | lr 1.0000E-04 | Val Loss 0.10024 | Val Acc 1.00000 
2024-07-15 18:10:38.892212 | epoch  6 | step 2184 | lr 1.0000E-04 | Val Loss 0.22592 | Val Acc 0.83333 
2024-07-15 18:10:39.002016 | epoch  6 | step 2185 | lr 1.0000E-04 | Val Loss 0.08623 | Val Acc 1.00000 
2024-07-15 18:10:39.055490 | epoch  6 | step 2186 | lr 1.0000E-04 | Val Loss 0.01001 | Val Acc 1.00000 
2024-07-15 18:10:39.151616 | epoch  6 | step 2187 | lr 1.0000E-04 | Val Loss 0.00137 | Val Acc 1.00000 
2024-07-15 18:10:39.257876 | epoch  6 | step 2188 | lr 1.0000E-04 | Val Loss 0.00581 | Val Acc 1.00000 
2024-07-15 18:10:39.348735 | epoch  6 | step 2189 | lr 1.0000E-04 | Val Loss 0.00248 | Val Acc 1.00000 
2024-07-15 18:10:40.415583 | epoch  6 | step 2190 | lr 1.0000E-04 | Val Loss 0.00847 | Val Acc 1.00000 
2024-07-15 18:10:40.526183 | epoch  6 | step 2191 | lr 1.0000E-04 | Val Loss 0.04995 | Val Acc 1.00000 
2024-07-15 18:10:40.589504 | epoch  6 | step 2192 | lr 1.0000E-04 | Val Loss 0.00155 | Val Acc 1.00000 
2024-07-15 18:10:40.662261 | epoch  6 | step 2193 | lr 1.0000E-04 | Val Loss 0.00214 | Val Acc 1.00000 
2024-07-15 18:10:40.750152 | epoch  6 | step 2194 | lr 1.0000E-04 | Val Loss 0.00289 | Val Acc 1.00000 
2024-07-15 18:10:40.846091 | epoch  6 | step 2195 | lr 1.0000E-04 | Val Loss 0.01161 | Val Acc 1.00000 
2024-07-15 18:10:40.926050 | epoch  6 | step 2196 | lr 1.0000E-04 | Val Loss 0.00312 | Val Acc 1.00000 
2024-07-15 18:10:41.022080 | epoch  6 | step 2197 | lr 1.0000E-04 | Val Loss 0.01006 | Val Acc 1.00000 
2024-07-15 18:10:41.101332 | epoch  6 | step 2198 | lr 1.0000E-04 | Val Loss 0.04397 | Val Acc 1.00000 
2024-07-15 18:10:41.175436 | epoch  6 | step 2199 | lr 1.0000E-04 | Val Loss 0.00399 | Val Acc 1.00000 
2024-07-15 18:10:41.234033 | epoch  6 | step 2200 | lr 1.0000E-04 | Val Loss 1.14843 | Val Acc 0.83333 
2024-07-15 18:10:41.303199 | epoch  6 | step 2201 | lr 1.0000E-04 | Val Loss 0.00237 | Val Acc 1.00000 
2024-07-15 18:10:41.377242 | epoch  6 | step 2202 | lr 1.0000E-04 | Val Loss 0.10993 | Val Acc 1.00000 
2024-07-15 18:10:41.474048 | epoch  6 | step 2203 | lr 1.0000E-04 | Val Loss 0.03738 | Val Acc 1.00000 
2024-07-15 18:10:41.541985 | epoch  6 | step 2204 | lr 1.0000E-04 | Val Loss 0.68349 | Val Acc 0.83333 
2024-07-15 18:10:41.621593 | epoch  6 | step 2205 | lr 1.0000E-04 | Val Loss 0.00572 | Val Acc 1.00000 
2024-07-15 18:10:41.702672 | epoch  6 | step 2206 | lr 1.0000E-04 | Val Loss 0.00191 | Val Acc 1.00000 
2024-07-15 18:10:41.774633 | epoch  6 | step 2207 | lr 1.0000E-04 | Val Loss 0.00059 | Val Acc 1.00000 
2024-07-15 18:10:41.832691 Phase:val, Avg Loss:0.10664142668247223
2024-07-15 18:10:42.317910 | epoch  7 | step 2210 | lr 1.0000E-04 | Train Loss 0.00380 | Train Acc 1.00000 
2024-07-15 18:10:43.345561 | epoch  7 | step 2220 | lr 1.0000E-04 | Train Loss 0.02854 | Train Acc 1.00000 
2024-07-15 18:10:44.395758 | epoch  7 | step 2230 | lr 1.0000E-04 | Train Loss 1.22991 | Train Acc 0.83333 
2024-07-15 18:10:45.384143 | epoch  7 | step 2240 | lr 1.0000E-04 | Train Loss 0.00242 | Train Acc 1.00000 
2024-07-15 18:10:46.295146 | epoch  7 | step 2250 | lr 1.0000E-04 | Train Loss 0.00796 | Train Acc 1.00000 
2024-07-15 18:10:47.377198 | epoch  7 | step 2260 | lr 1.0000E-04 | Train Loss 0.00214 | Train Acc 1.00000 
2024-07-15 18:10:48.261141 | epoch  7 | step 2270 | lr 1.0000E-04 | Train Loss 0.90958 | Train Acc 0.83333 
2024-07-15 18:10:49.068874 | epoch  7 | step 2280 | lr 1.0000E-04 | Train Loss 0.00372 | Train Acc 1.00000 
2024-07-15 18:10:50.092839 | epoch  7 | step 2290 | lr 1.0000E-04 | Train Loss 0.16274 | Train Acc 0.83333 
2024-07-15 18:10:50.939971 | epoch  7 | step 2300 | lr 1.0000E-04 | Train Loss 0.01254 | Train Acc 1.00000 
2024-07-15 18:10:51.937592 | epoch  7 | step 2310 | lr 1.0000E-04 | Train Loss 0.60636 | Train Acc 0.83333 
2024-07-15 18:10:52.989816 | epoch  7 | step 2320 | lr 1.0000E-04 | Train Loss 0.00785 | Train Acc 1.00000 
2024-07-15 18:10:53.947811 | epoch  7 | step 2330 | lr 1.0000E-04 | Train Loss 0.20510 | Train Acc 0.83333 
2024-07-15 18:10:54.760250 | epoch  7 | step 2340 | lr 1.0000E-04 | Train Loss 0.07396 | Train Acc 1.00000 
2024-07-15 18:10:55.850948 | epoch  7 | step 2350 | lr 1.0000E-04 | Train Loss 0.44683 | Train Acc 0.83333 
2024-07-15 18:10:56.707143 | epoch  7 | step 2360 | lr 1.0000E-04 | Train Loss 0.00895 | Train Acc 1.00000 
2024-07-15 18:10:57.641045 | epoch  7 | step 2370 | lr 1.0000E-04 | Train Loss 0.00812 | Train Acc 1.00000 
2024-07-15 18:10:58.567762 | epoch  7 | step 2380 | lr 1.0000E-04 | Train Loss 0.00960 | Train Acc 1.00000 
2024-07-15 18:10:59.520007 | epoch  7 | step 2390 | lr 1.0000E-04 | Train Loss 0.00125 | Train Acc 1.00000 
2024-07-15 18:11:00.401167 | epoch  7 | step 2400 | lr 1.0000E-04 | Train Loss 0.01631 | Train Acc 1.00000 
2024-07-15 18:11:01.300431 | epoch  7 | step 2410 | lr 1.0000E-04 | Train Loss 0.01581 | Train Acc 1.00000 
2024-07-15 18:11:02.201098 | epoch  7 | step 2420 | lr 1.0000E-04 | Train Loss 0.00557 | Train Acc 1.00000 
2024-07-15 18:11:03.058444 | epoch  7 | step 2430 | lr 1.0000E-04 | Train Loss 0.00389 | Train Acc 1.00000 
2024-07-15 18:11:04.061347 | epoch  7 | step 2440 | lr 1.0000E-04 | Train Loss 0.01669 | Train Acc 1.00000 
2024-07-15 18:11:04.938397 | epoch  7 | step 2450 | lr 1.0000E-04 | Train Loss 0.00315 | Train Acc 1.00000 
2024-07-15 18:11:05.963088 | epoch  7 | step 2460 | lr 1.0000E-04 | Train Loss 0.00258 | Train Acc 1.00000 
2024-07-15 18:11:06.939146 | epoch  7 | step 2470 | lr 1.0000E-04 | Train Loss 0.00756 | Train Acc 1.00000 
2024-07-15 18:11:07.828249 | epoch  7 | step 2480 | lr 1.0000E-04 | Train Loss 0.01236 | Train Acc 1.00000 
2024-07-15 18:11:08.846897 | epoch  7 | step 2490 | lr 1.0000E-04 | Train Loss 0.00384 | Train Acc 1.00000 
2024-07-15 18:11:09.883031 | epoch  7 | step 2500 | lr 1.0000E-04 | Train Loss 0.00616 | Train Acc 1.00000 
2024-07-15 18:11:10.520155 | epoch  7 | step 2510 | lr 1.0000E-04 | Train Loss 0.10943 | Train Acc 1.00000 
2024-07-15 18:11:11.483383 | epoch  7 | step 2520 | lr 1.0000E-04 | Train Loss 0.00823 | Train Acc 1.00000 
2024-07-15 18:11:12.386366 | epoch  7 | step 2530 | lr 1.0000E-04 | Train Loss 0.03292 | Train Acc 1.00000 
2024-07-15 18:11:13.531100 | epoch  7 | step 2540 | lr 1.0000E-04 | Train Loss 0.00557 | Train Acc 1.00000 
2024-07-15 18:11:13.721446 Phase:train, Avg Loss:0.06436652690172195
2024-07-15 18:11:15.820721 | epoch  7 | step 2542 | lr 1.0000E-04 | Val Loss 0.00607 | Val Acc 1.00000 
2024-07-15 18:11:15.890476 | epoch  7 | step 2543 | lr 1.0000E-04 | Val Loss 0.00492 | Val Acc 1.00000 
2024-07-15 18:11:15.958886 | epoch  7 | step 2544 | lr 1.0000E-04 | Val Loss 0.01385 | Val Acc 1.00000 
2024-07-15 18:11:16.025114 | epoch  7 | step 2545 | lr 1.0000E-04 | Val Loss 0.50568 | Val Acc 0.83333 
2024-07-15 18:11:16.091416 | epoch  7 | step 2546 | lr 1.0000E-04 | Val Loss 0.00371 | Val Acc 1.00000 
2024-07-15 18:11:16.142687 | epoch  7 | step 2547 | lr 1.0000E-04 | Val Loss 0.24568 | Val Acc 0.83333 
2024-07-15 18:11:16.202035 | epoch  7 | step 2548 | lr 1.0000E-04 | Val Loss 0.00438 | Val Acc 1.00000 
2024-07-15 18:11:16.262955 | epoch  7 | step 2549 | lr 1.0000E-04 | Val Loss 0.57336 | Val Acc 0.83333 
2024-07-15 18:11:16.336816 | epoch  7 | step 2550 | lr 1.0000E-04 | Val Loss 0.08878 | Val Acc 1.00000 
2024-07-15 18:11:16.416574 | epoch  7 | step 2551 | lr 1.0000E-04 | Val Loss 0.02550 | Val Acc 1.00000 
2024-07-15 18:11:16.470395 | epoch  7 | step 2552 | lr 1.0000E-04 | Val Loss 0.01915 | Val Acc 1.00000 
2024-07-15 18:11:16.536210 | epoch  7 | step 2553 | lr 1.0000E-04 | Val Loss 0.14496 | Val Acc 0.83333 
2024-07-15 18:11:16.587462 | epoch  7 | step 2554 | lr 1.0000E-04 | Val Loss 0.00501 | Val Acc 1.00000 
2024-07-15 18:11:16.632162 | epoch  7 | step 2555 | lr 1.0000E-04 | Val Loss 0.00393 | Val Acc 1.00000 
2024-07-15 18:11:16.677302 | epoch  7 | step 2556 | lr 1.0000E-04 | Val Loss 0.00561 | Val Acc 1.00000 
2024-07-15 18:11:16.734197 | epoch  7 | step 2557 | lr 1.0000E-04 | Val Loss 0.00439 | Val Acc 1.00000 
2024-07-15 18:11:16.789910 | epoch  7 | step 2558 | lr 1.0000E-04 | Val Loss 0.45207 | Val Acc 0.83333 
2024-07-15 18:11:16.827338 | epoch  7 | step 2559 | lr 1.0000E-04 | Val Loss 0.00522 | Val Acc 1.00000 
2024-07-15 18:11:16.866361 | epoch  7 | step 2560 | lr 1.0000E-04 | Val Loss 0.01266 | Val Acc 1.00000 
2024-07-15 18:11:16.940007 | epoch  7 | step 2561 | lr 1.0000E-04 | Val Loss 0.00453 | Val Acc 1.00000 
2024-07-15 18:11:17.002907 | epoch  7 | step 2562 | lr 1.0000E-04 | Val Loss 0.01096 | Val Acc 1.00000 
2024-07-15 18:11:18.174171 | epoch  7 | step 2563 | lr 1.0000E-04 | Val Loss 0.09595 | Val Acc 1.00000 
2024-07-15 18:11:18.352282 | epoch  7 | step 2564 | lr 1.0000E-04 | Val Loss 0.00827 | Val Acc 1.00000 
2024-07-15 18:11:18.419380 | epoch  7 | step 2565 | lr 1.0000E-04 | Val Loss 0.01405 | Val Acc 1.00000 
2024-07-15 18:11:18.478239 | epoch  7 | step 2566 | lr 1.0000E-04 | Val Loss 0.14822 | Val Acc 0.83333 
2024-07-15 18:11:18.551823 | epoch  7 | step 2567 | lr 1.0000E-04 | Val Loss 0.02095 | Val Acc 1.00000 
2024-07-15 18:11:18.607722 | epoch  7 | step 2568 | lr 1.0000E-04 | Val Loss 0.93863 | Val Acc 0.83333 
2024-07-15 18:11:18.716536 | epoch  7 | step 2569 | lr 1.0000E-04 | Val Loss 0.01328 | Val Acc 1.00000 
2024-07-15 18:11:18.805058 | epoch  7 | step 2570 | lr 1.0000E-04 | Val Loss 0.23211 | Val Acc 0.83333 
2024-07-15 18:11:18.885230 | epoch  7 | step 2571 | lr 1.0000E-04 | Val Loss 0.12513 | Val Acc 1.00000 
2024-07-15 18:11:18.973605 | epoch  7 | step 2572 | lr 1.0000E-04 | Val Loss 0.00753 | Val Acc 1.00000 
2024-07-15 18:11:19.054123 | epoch  7 | step 2573 | lr 1.0000E-04 | Val Loss 0.01404 | Val Acc 1.00000 
2024-07-15 18:11:19.135480 | epoch  7 | step 2574 | lr 1.0000E-04 | Val Loss 0.00666 | Val Acc 1.00000 
2024-07-15 18:11:19.222001 | epoch  7 | step 2575 | lr 1.0000E-04 | Val Loss 0.00274 | Val Acc 1.00000 
2024-07-15 18:11:19.264735 Phase:val, Avg Loss:0.1108224093914032
2024-07-15 18:11:20.009678 | epoch  8 | step 2580 | lr 1.0000E-04 | Train Loss 0.01822 | Train Acc 1.00000 
2024-07-15 18:11:20.922242 | epoch  8 | step 2590 | lr 1.0000E-04 | Train Loss 0.00664 | Train Acc 1.00000 
2024-07-15 18:11:21.903726 | epoch  8 | step 2600 | lr 1.0000E-04 | Train Loss 0.00485 | Train Acc 1.00000 
2024-07-15 18:11:22.786094 | epoch  8 | step 2610 | lr 1.0000E-04 | Train Loss 0.00263 | Train Acc 1.00000 
2024-07-15 18:11:23.751137 | epoch  8 | step 2620 | lr 1.0000E-04 | Train Loss 0.00265 | Train Acc 1.00000 
2024-07-15 18:11:24.575700 | epoch  8 | step 2630 | lr 1.0000E-04 | Train Loss 0.00047 | Train Acc 1.00000 
2024-07-15 18:11:25.519382 | epoch  8 | step 2640 | lr 1.0000E-04 | Train Loss 0.24835 | Train Acc 0.83333 
2024-07-15 18:11:26.421434 | epoch  8 | step 2650 | lr 1.0000E-04 | Train Loss 0.04134 | Train Acc 1.00000 
2024-07-15 18:11:27.423985 | epoch  8 | step 2660 | lr 1.0000E-04 | Train Loss 0.02496 | Train Acc 1.00000 
2024-07-15 18:11:28.403448 | epoch  8 | step 2670 | lr 1.0000E-04 | Train Loss 0.03630 | Train Acc 1.00000 
2024-07-15 18:11:29.246858 | epoch  8 | step 2680 | lr 1.0000E-04 | Train Loss 0.01007 | Train Acc 1.00000 
2024-07-15 18:11:30.151582 | epoch  8 | step 2690 | lr 1.0000E-04 | Train Loss 0.00358 | Train Acc 1.00000 
2024-07-15 18:11:31.033958 | epoch  8 | step 2700 | lr 1.0000E-04 | Train Loss 0.00911 | Train Acc 1.00000 
2024-07-15 18:11:32.031759 | epoch  8 | step 2710 | lr 1.0000E-04 | Train Loss 0.00289 | Train Acc 1.00000 
2024-07-15 18:11:32.845473 | epoch  8 | step 2720 | lr 1.0000E-04 | Train Loss 0.00183 | Train Acc 1.00000 
2024-07-15 18:11:33.811481 | epoch  8 | step 2730 | lr 1.0000E-04 | Train Loss 0.00206 | Train Acc 1.00000 
2024-07-15 18:11:34.668324 | epoch  8 | step 2740 | lr 1.0000E-04 | Train Loss 0.45053 | Train Acc 0.83333 
2024-07-15 18:11:35.619505 | epoch  8 | step 2750 | lr 1.0000E-04 | Train Loss 0.00905 | Train Acc 1.00000 
2024-07-15 18:11:36.416031 | epoch  8 | step 2760 | lr 1.0000E-04 | Train Loss 0.00878 | Train Acc 1.00000 
2024-07-15 18:11:37.282241 | epoch  8 | step 2770 | lr 1.0000E-04 | Train Loss 0.00328 | Train Acc 1.00000 
2024-07-15 18:11:38.171548 | epoch  8 | step 2780 | lr 1.0000E-04 | Train Loss 0.00095 | Train Acc 1.00000 
2024-07-15 18:11:39.143471 | epoch  8 | step 2790 | lr 1.0000E-04 | Train Loss 0.03620 | Train Acc 1.00000 
2024-07-15 18:11:40.035187 | epoch  8 | step 2800 | lr 1.0000E-04 | Train Loss 0.00373 | Train Acc 1.00000 
2024-07-15 18:11:40.892921 | epoch  8 | step 2810 | lr 1.0000E-04 | Train Loss 0.00456 | Train Acc 1.00000 
2024-07-15 18:11:41.793574 | epoch  8 | step 2820 | lr 1.0000E-04 | Train Loss 0.13500 | Train Acc 0.83333 
2024-07-15 18:11:42.725761 | epoch  8 | step 2830 | lr 1.0000E-04 | Train Loss 0.00618 | Train Acc 1.00000 
2024-07-15 18:11:43.482295 | epoch  8 | step 2840 | lr 1.0000E-04 | Train Loss 0.00341 | Train Acc 1.00000 
2024-07-15 18:11:44.418624 | epoch  8 | step 2850 | lr 1.0000E-04 | Train Loss 0.00487 | Train Acc 1.00000 
2024-07-15 18:11:45.206687 | epoch  8 | step 2860 | lr 1.0000E-04 | Train Loss 0.00486 | Train Acc 1.00000 
2024-07-15 18:11:46.324238 | epoch  8 | step 2870 | lr 1.0000E-04 | Train Loss 0.00302 | Train Acc 1.00000 
2024-07-15 18:11:47.165875 | epoch  8 | step 2880 | lr 1.0000E-04 | Train Loss 0.00410 | Train Acc 1.00000 
2024-07-15 18:11:47.979673 | epoch  8 | step 2890 | lr 1.0000E-04 | Train Loss 0.00267 | Train Acc 1.00000 
2024-07-15 18:11:48.712293 | epoch  8 | step 2900 | lr 1.0000E-04 | Train Loss 0.00361 | Train Acc 1.00000 
2024-07-15 18:11:49.618145 Phase:train, Avg Loss:0.05941926687955856
2024-07-15 18:11:50.566212 | epoch  8 | step 2910 | lr 1.0000E-04 | Val Loss 0.00110 | Val Acc 1.00000 
2024-07-15 18:11:50.634531 | epoch  8 | step 2911 | lr 1.0000E-04 | Val Loss 0.00111 | Val Acc 1.00000 
2024-07-15 18:11:50.734444 | epoch  8 | step 2912 | lr 1.0000E-04 | Val Loss 0.01906 | Val Acc 1.00000 
2024-07-15 18:11:50.822859 | epoch  8 | step 2913 | lr 1.0000E-04 | Val Loss 0.58335 | Val Acc 0.83333 
2024-07-15 18:11:50.916657 | epoch  8 | step 2914 | lr 1.0000E-04 | Val Loss 0.00200 | Val Acc 1.00000 
2024-07-15 18:11:50.978049 | epoch  8 | step 2915 | lr 1.0000E-04 | Val Loss 0.02434 | Val Acc 1.00000 
2024-07-15 18:11:51.035355 | epoch  8 | step 2916 | lr 1.0000E-04 | Val Loss 0.00106 | Val Acc 1.00000 
2024-07-15 18:11:51.110303 | epoch  8 | step 2917 | lr 1.0000E-04 | Val Loss 0.08972 | Val Acc 1.00000 
2024-07-15 18:11:51.175676 | epoch  8 | step 2918 | lr 1.0000E-04 | Val Loss 0.00279 | Val Acc 1.00000 
2024-07-15 18:11:51.249873 | epoch  8 | step 2919 | lr 1.0000E-04 | Val Loss 0.07631 | Val Acc 1.00000 
2024-07-15 18:11:51.310145 | epoch  8 | step 2920 | lr 1.0000E-04 | Val Loss 0.02206 | Val Acc 1.00000 
2024-07-15 18:11:51.376469 | epoch  8 | step 2921 | lr 1.0000E-04 | Val Loss 0.17639 | Val Acc 0.83333 
2024-07-15 18:11:52.458075 | epoch  8 | step 2922 | lr 1.0000E-04 | Val Loss 0.00845 | Val Acc 1.00000 
2024-07-15 18:11:52.627854 | epoch  8 | step 2923 | lr 1.0000E-04 | Val Loss 0.00147 | Val Acc 1.00000 
2024-07-15 18:11:52.706281 | epoch  8 | step 2924 | lr 1.0000E-04 | Val Loss 0.00590 | Val Acc 1.00000 
2024-07-15 18:11:52.799751 | epoch  8 | step 2925 | lr 1.0000E-04 | Val Loss 0.00193 | Val Acc 1.00000 
2024-07-15 18:11:52.862950 | epoch  8 | step 2926 | lr 1.0000E-04 | Val Loss 0.04132 | Val Acc 1.00000 
2024-07-15 18:11:52.914458 | epoch  8 | step 2927 | lr 1.0000E-04 | Val Loss 0.00136 | Val Acc 1.00000 
2024-07-15 18:11:52.973846 | epoch  8 | step 2928 | lr 1.0000E-04 | Val Loss 0.00170 | Val Acc 1.00000 
2024-07-15 18:11:53.025689 | epoch  8 | step 2929 | lr 1.0000E-04 | Val Loss 0.00274 | Val Acc 1.00000 
2024-07-15 18:11:53.083647 | epoch  8 | step 2930 | lr 1.0000E-04 | Val Loss 0.00515 | Val Acc 1.00000 
2024-07-15 18:11:53.147822 | epoch  8 | step 2931 | lr 1.0000E-04 | Val Loss 0.02871 | Val Acc 1.00000 
2024-07-15 18:11:53.237605 | epoch  8 | step 2932 | lr 1.0000E-04 | Val Loss 0.00431 | Val Acc 1.00000 
2024-07-15 18:11:53.316222 | epoch  8 | step 2933 | lr 1.0000E-04 | Val Loss 0.05098 | Val Acc 1.00000 
2024-07-15 18:11:53.374031 | epoch  8 | step 2934 | lr 1.0000E-04 | Val Loss 0.01234 | Val Acc 1.00000 
2024-07-15 18:11:53.408227 | epoch  8 | step 2935 | lr 1.0000E-04 | Val Loss 0.03067 | Val Acc 1.00000 
2024-07-15 18:11:53.443448 | epoch  8 | step 2936 | lr 1.0000E-04 | Val Loss 1.08156 | Val Acc 0.83333 
2024-07-15 18:11:53.490135 | epoch  8 | step 2937 | lr 1.0000E-04 | Val Loss 0.00236 | Val Acc 1.00000 
2024-07-15 18:11:53.530638 | epoch  8 | step 2938 | lr 1.0000E-04 | Val Loss 0.42099 | Val Acc 0.83333 
2024-07-15 18:11:53.585800 | epoch  8 | step 2939 | lr 1.0000E-04 | Val Loss 0.01004 | Val Acc 1.00000 
2024-07-15 18:11:53.658077 | epoch  8 | step 2940 | lr 1.0000E-04 | Val Loss 0.42384 | Val Acc 0.83333 
2024-07-15 18:11:53.767862 | epoch  8 | step 2941 | lr 1.0000E-04 | Val Loss 0.00388 | Val Acc 1.00000 
2024-07-15 18:11:53.837838 | epoch  8 | step 2942 | lr 1.0000E-04 | Val Loss 0.01073 | Val Acc 1.00000 
2024-07-15 18:11:53.888815 | epoch  8 | step 2943 | lr 1.0000E-04 | Val Loss 0.00090 | Val Acc 1.00000 
2024-07-15 18:11:53.981363 Phase:val, Avg Loss:0.09266570955514908
2024-07-15 18:11:54.736891 | epoch  9 | step 2950 | lr 1.0000E-04 | Train Loss 0.00235 | Train Acc 1.00000 
2024-07-15 18:11:55.558508 | epoch  9 | step 2960 | lr 1.0000E-04 | Train Loss 0.00508 | Train Acc 1.00000 
2024-07-15 18:11:56.264713 | epoch  9 | step 2970 | lr 1.0000E-04 | Train Loss 0.05244 | Train Acc 1.00000 
2024-07-15 18:11:57.080383 | epoch  9 | step 2980 | lr 1.0000E-04 | Train Loss 0.00363 | Train Acc 1.00000 
2024-07-15 18:11:57.935884 | epoch  9 | step 2990 | lr 1.0000E-04 | Train Loss 0.00534 | Train Acc 1.00000 
2024-07-15 18:11:58.756287 | epoch  9 | step 3000 | lr 1.0000E-04 | Train Loss 0.06301 | Train Acc 1.00000 
2024-07-15 18:11:59.787730 | epoch  9 | step 3010 | lr 1.0000E-04 | Train Loss 0.00446 | Train Acc 1.00000 
2024-07-15 18:12:00.610201 | epoch  9 | step 3020 | lr 1.0000E-04 | Train Loss 0.00701 | Train Acc 1.00000 
2024-07-15 18:12:01.585603 | epoch  9 | step 3030 | lr 1.0000E-04 | Train Loss 0.00314 | Train Acc 1.00000 
2024-07-15 18:12:02.344698 | epoch  9 | step 3040 | lr 1.0000E-04 | Train Loss 0.02270 | Train Acc 1.00000 
2024-07-15 18:12:03.154417 | epoch  9 | step 3050 | lr 1.0000E-04 | Train Loss 0.00165 | Train Acc 1.00000 
2024-07-15 18:12:03.961472 | epoch  9 | step 3060 | lr 1.0000E-04 | Train Loss 1.46533 | Train Acc 0.66667 
2024-07-15 18:12:04.879031 | epoch  9 | step 3070 | lr 1.0000E-04 | Train Loss 0.01855 | Train Acc 1.00000 
2024-07-15 18:12:05.804799 | epoch  9 | step 3080 | lr 1.0000E-04 | Train Loss 0.04226 | Train Acc 1.00000 
2024-07-15 18:12:06.800406 | epoch  9 | step 3090 | lr 1.0000E-04 | Train Loss 0.01341 | Train Acc 1.00000 
2024-07-15 18:12:07.523772 | epoch  9 | step 3100 | lr 1.0000E-04 | Train Loss 0.00575 | Train Acc 1.00000 
2024-07-15 18:12:08.481559 | epoch  9 | step 3110 | lr 1.0000E-04 | Train Loss 0.00734 | Train Acc 1.00000 
2024-07-15 18:12:09.362176 | epoch  9 | step 3120 | lr 1.0000E-04 | Train Loss 0.00861 | Train Acc 1.00000 
2024-07-15 18:12:10.172989 | epoch  9 | step 3130 | lr 1.0000E-04 | Train Loss 0.00286 | Train Acc 1.00000 
2024-07-15 18:12:11.074013 | epoch  9 | step 3140 | lr 1.0000E-04 | Train Loss 0.00420 | Train Acc 1.00000 
2024-07-15 18:12:11.999203 | epoch  9 | step 3150 | lr 1.0000E-04 | Train Loss 0.17846 | Train Acc 1.00000 
2024-07-15 18:12:12.991658 | epoch  9 | step 3160 | lr 1.0000E-04 | Train Loss 0.00458 | Train Acc 1.00000 
2024-07-15 18:12:14.035547 | epoch  9 | step 3170 | lr 1.0000E-04 | Train Loss 0.00214 | Train Acc 1.00000 
2024-07-15 18:12:14.915003 | epoch  9 | step 3180 | lr 1.0000E-04 | Train Loss 0.00222 | Train Acc 1.00000 
2024-07-15 18:12:15.770828 | epoch  9 | step 3190 | lr 1.0000E-04 | Train Loss 0.00145 | Train Acc 1.00000 
2024-07-15 18:12:16.666468 | epoch  9 | step 3200 | lr 1.0000E-04 | Train Loss 0.00166 | Train Acc 1.00000 
2024-07-15 18:12:17.439410 | epoch  9 | step 3210 | lr 1.0000E-04 | Train Loss 0.00952 | Train Acc 1.00000 
2024-07-15 18:12:18.286596 | epoch  9 | step 3220 | lr 1.0000E-04 | Train Loss 0.04904 | Train Acc 1.00000 
2024-07-15 18:12:19.151626 | epoch  9 | step 3230 | lr 1.0000E-04 | Train Loss 0.29028 | Train Acc 0.83333 
2024-07-15 18:12:19.977290 | epoch  9 | step 3240 | lr 1.0000E-04 | Train Loss 0.01604 | Train Acc 1.00000 
2024-07-15 18:12:21.072531 | epoch  9 | step 3250 | lr 1.0000E-04 | Train Loss 0.10049 | Train Acc 1.00000 
2024-07-15 18:12:22.027313 | epoch  9 | step 3260 | lr 1.0000E-04 | Train Loss 0.00453 | Train Acc 1.00000 
2024-07-15 18:12:22.783576 | epoch  9 | step 3270 | lr 1.0000E-04 | Train Loss 0.00194 | Train Acc 1.00000 
2024-07-15 18:12:23.578329 Phase:train, Avg Loss:0.06230741739273071
2024-07-15 18:12:24.634865 | epoch  9 | step 3278 | lr 1.0000E-04 | Val Loss 0.00108 | Val Acc 1.00000 
2024-07-15 18:12:24.733658 | epoch  9 | step 3279 | lr 1.0000E-04 | Val Loss 0.00103 | Val Acc 1.00000 
2024-07-15 18:12:24.809579 | epoch  9 | step 3280 | lr 1.0000E-04 | Val Loss 0.05309 | Val Acc 1.00000 
2024-07-15 18:12:24.860543 | epoch  9 | step 3281 | lr 1.0000E-04 | Val Loss 1.43663 | Val Acc 0.66667 
2024-07-15 18:12:24.906357 | epoch  9 | step 3282 | lr 1.0000E-04 | Val Loss 0.00345 | Val Acc 1.00000 
2024-07-15 18:12:24.940487 | epoch  9 | step 3283 | lr 1.0000E-04 | Val Loss 0.60023 | Val Acc 0.83333 
2024-07-15 18:12:24.979122 | epoch  9 | step 3284 | lr 1.0000E-04 | Val Loss 0.00149 | Val Acc 1.00000 
2024-07-15 18:12:25.017372 | epoch  9 | step 3285 | lr 1.0000E-04 | Val Loss 0.38369 | Val Acc 0.83333 
2024-07-15 18:12:25.053729 | epoch  9 | step 3286 | lr 1.0000E-04 | Val Loss 0.61175 | Val Acc 0.66667 
2024-07-15 18:12:25.086938 | epoch  9 | step 3287 | lr 1.0000E-04 | Val Loss 0.10575 | Val Acc 1.00000 
2024-07-15 18:12:25.136320 | epoch  9 | step 3288 | lr 1.0000E-04 | Val Loss 0.04079 | Val Acc 1.00000 
2024-07-15 18:12:25.194066 | epoch  9 | step 3289 | lr 1.0000E-04 | Val Loss 0.11735 | Val Acc 0.83333 
2024-07-15 18:12:25.250900 | epoch  9 | step 3290 | lr 1.0000E-04 | Val Loss 0.02493 | Val Acc 1.00000 
2024-07-15 18:12:25.308615 | epoch  9 | step 3291 | lr 1.0000E-04 | Val Loss 0.00101 | Val Acc 1.00000 
2024-07-15 18:12:25.377915 | epoch  9 | step 3292 | lr 1.0000E-04 | Val Loss 0.04356 | Val Acc 1.00000 
2024-07-15 18:12:25.449742 | epoch  9 | step 3293 | lr 1.0000E-04 | Val Loss 0.00214 | Val Acc 1.00000 
2024-07-15 18:12:25.574219 | epoch  9 | step 3294 | lr 1.0000E-04 | Val Loss 0.04088 | Val Acc 1.00000 
2024-07-15 18:12:25.632766 | epoch  9 | step 3295 | lr 1.0000E-04 | Val Loss 0.00574 | Val Acc 1.00000 
2024-07-15 18:12:25.690272 | epoch  9 | step 3296 | lr 1.0000E-04 | Val Loss 0.00143 | Val Acc 1.00000 
2024-07-15 18:12:25.756883 | epoch  9 | step 3297 | lr 1.0000E-04 | Val Loss 0.00262 | Val Acc 1.00000 
2024-07-15 18:12:25.801408 | epoch  9 | step 3298 | lr 1.0000E-04 | Val Loss 0.00927 | Val Acc 1.00000 
2024-07-15 18:12:25.895656 | epoch  9 | step 3299 | lr 1.0000E-04 | Val Loss 0.88207 | Val Acc 0.83333 
2024-07-15 18:12:26.930278 | epoch  9 | step 3300 | lr 1.0000E-04 | Val Loss 0.00718 | Val Acc 1.00000 
2024-07-15 18:12:27.050796 | epoch  9 | step 3301 | lr 1.0000E-04 | Val Loss 0.02062 | Val Acc 1.00000 
2024-07-15 18:12:27.119061 | epoch  9 | step 3302 | lr 1.0000E-04 | Val Loss 0.66788 | Val Acc 0.83333 
2024-07-15 18:12:27.179967 | epoch  9 | step 3303 | lr 1.0000E-04 | Val Loss 0.59997 | Val Acc 0.83333 
2024-07-15 18:12:27.247385 | epoch  9 | step 3304 | lr 1.0000E-04 | Val Loss 1.23064 | Val Acc 0.83333 
2024-07-15 18:12:27.298143 | epoch  9 | step 3305 | lr 1.0000E-04 | Val Loss 0.03642 | Val Acc 1.00000 
2024-07-15 18:12:27.390329 | epoch  9 | step 3306 | lr 1.0000E-04 | Val Loss 1.10688 | Val Acc 0.83333 
2024-07-15 18:12:27.475185 | epoch  9 | step 3307 | lr 1.0000E-04 | Val Loss 0.18504 | Val Acc 0.83333 
2024-07-15 18:12:27.510372 | epoch  9 | step 3308 | lr 1.0000E-04 | Val Loss 0.32631 | Val Acc 0.83333 
2024-07-15 18:12:27.553476 | epoch  9 | step 3309 | lr 1.0000E-04 | Val Loss 0.31276 | Val Acc 0.83333 
2024-07-15 18:12:27.593377 | epoch  9 | step 3310 | lr 1.0000E-04 | Val Loss 0.00373 | Val Acc 1.00000 
2024-07-15 18:12:27.630037 | epoch  9 | step 3311 | lr 1.0000E-04 | Val Loss 0.00051 | Val Acc 1.00000 
2024-07-15 18:12:27.672553 Phase:val, Avg Loss:0.26082149147987366
2024-07-15 18:12:28.738250 | epoch 10 | step 3320 | lr 1.0000E-04 | Train Loss 0.00547 | Train Acc 1.00000 
2024-07-15 18:12:29.599105 | epoch 10 | step 3330 | lr 1.0000E-04 | Train Loss 0.00291 | Train Acc 1.00000 
2024-07-15 18:12:30.693643 | epoch 10 | step 3340 | lr 1.0000E-04 | Train Loss 0.02945 | Train Acc 1.00000 
2024-07-15 18:12:31.558888 | epoch 10 | step 3350 | lr 1.0000E-04 | Train Loss 0.02663 | Train Acc 1.00000 
2024-07-15 18:12:32.398271 | epoch 10 | step 3360 | lr 1.0000E-04 | Train Loss 0.28324 | Train Acc 0.83333 
2024-07-15 18:12:33.216321 | epoch 10 | step 3370 | lr 1.0000E-04 | Train Loss 0.12307 | Train Acc 1.00000 
2024-07-15 18:12:34.113399 | epoch 10 | step 3380 | lr 1.0000E-04 | Train Loss 0.13495 | Train Acc 0.83333 
2024-07-15 18:12:34.854916 | epoch 10 | step 3390 | lr 1.0000E-04 | Train Loss 0.00266 | Train Acc 1.00000 
2024-07-15 18:12:35.779646 | epoch 10 | step 3400 | lr 1.0000E-04 | Train Loss 0.00296 | Train Acc 1.00000 
2024-07-15 18:12:36.511014 | epoch 10 | step 3410 | lr 1.0000E-04 | Train Loss 0.12896 | Train Acc 0.83333 
2024-07-15 18:12:37.503187 | epoch 10 | step 3420 | lr 1.0000E-04 | Train Loss 0.02470 | Train Acc 1.00000 
2024-07-15 18:12:38.531905 | epoch 10 | step 3430 | lr 1.0000E-04 | Train Loss 0.02571 | Train Acc 1.00000 
2024-07-15 18:12:39.450854 | epoch 10 | step 3440 | lr 1.0000E-04 | Train Loss 0.02748 | Train Acc 1.00000 
2024-07-15 18:12:40.320733 | epoch 10 | step 3450 | lr 1.0000E-04 | Train Loss 0.00698 | Train Acc 1.00000 
2024-07-15 18:12:41.204595 | epoch 10 | step 3460 | lr 1.0000E-04 | Train Loss 0.00549 | Train Acc 1.00000 
2024-07-15 18:12:42.222294 | epoch 10 | step 3470 | lr 1.0000E-04 | Train Loss 0.00280 | Train Acc 1.00000 
2024-07-15 18:12:42.985880 | epoch 10 | step 3480 | lr 1.0000E-04 | Train Loss 0.02805 | Train Acc 1.00000 
2024-07-15 18:12:43.894041 | epoch 10 | step 3490 | lr 1.0000E-04 | Train Loss 0.00412 | Train Acc 1.00000 
2024-07-15 18:12:44.777363 | epoch 10 | step 3500 | lr 1.0000E-04 | Train Loss 0.00250 | Train Acc 1.00000 
2024-07-15 18:12:45.638157 | epoch 10 | step 3510 | lr 1.0000E-04 | Train Loss 0.00200 | Train Acc 1.00000 
2024-07-15 18:12:46.497122 | epoch 10 | step 3520 | lr 1.0000E-04 | Train Loss 0.05027 | Train Acc 1.00000 
2024-07-15 18:12:47.484840 | epoch 10 | step 3530 | lr 1.0000E-04 | Train Loss 0.00226 | Train Acc 1.00000 
2024-07-15 18:12:48.393568 | epoch 10 | step 3540 | lr 1.0000E-04 | Train Loss 0.02058 | Train Acc 1.00000 
2024-07-15 18:12:49.406636 | epoch 10 | step 3550 | lr 1.0000E-04 | Train Loss 0.67948 | Train Acc 0.83333 
2024-07-15 18:12:50.205715 | epoch 10 | step 3560 | lr 1.0000E-04 | Train Loss 0.30519 | Train Acc 0.83333 
2024-07-15 18:12:51.067522 | epoch 10 | step 3570 | lr 1.0000E-04 | Train Loss 0.01078 | Train Acc 1.00000 
2024-07-15 18:12:51.990273 | epoch 10 | step 3580 | lr 1.0000E-04 | Train Loss 0.00259 | Train Acc 1.00000 
2024-07-15 18:12:52.806352 | epoch 10 | step 3590 | lr 1.0000E-04 | Train Loss 0.30492 | Train Acc 0.83333 
2024-07-15 18:12:53.626880 | epoch 10 | step 3600 | lr 1.0000E-04 | Train Loss 0.08773 | Train Acc 1.00000 
2024-07-15 18:12:54.516326 | epoch 10 | step 3610 | lr 1.0000E-04 | Train Loss 0.02035 | Train Acc 1.00000 
2024-07-15 18:12:55.328147 | epoch 10 | step 3620 | lr 1.0000E-04 | Train Loss 0.00233 | Train Acc 1.00000 
2024-07-15 18:12:56.297551 | epoch 10 | step 3630 | lr 1.0000E-04 | Train Loss 0.02063 | Train Acc 1.00000 
2024-07-15 18:12:57.121229 | epoch 10 | step 3640 | lr 1.0000E-04 | Train Loss 0.01199 | Train Acc 1.00000 
2024-07-15 18:12:57.751910 Phase:train, Avg Loss:0.06673211604356766
2024-07-15 18:12:58.894988 | epoch 10 | step 3646 | lr 1.0000E-04 | Val Loss 0.00284 | Val Acc 1.00000 
2024-07-15 18:12:58.965291 | epoch 10 | step 3647 | lr 1.0000E-04 | Val Loss 0.00283 | Val Acc 1.00000 
2024-07-15 18:12:59.035354 | epoch 10 | step 3648 | lr 1.0000E-04 | Val Loss 0.00881 | Val Acc 1.00000 
2024-07-15 18:12:59.093728 | epoch 10 | step 3649 | lr 1.0000E-04 | Val Loss 0.32393 | Val Acc 0.83333 
2024-07-15 18:12:59.152903 | epoch 10 | step 3650 | lr 1.0000E-04 | Val Loss 0.00282 | Val Acc 1.00000 
2024-07-15 18:12:59.210220 | epoch 10 | step 3651 | lr 1.0000E-04 | Val Loss 0.02965 | Val Acc 1.00000 
2024-07-15 18:12:59.253989 | epoch 10 | step 3652 | lr 1.0000E-04 | Val Loss 0.00284 | Val Acc 1.00000 
2024-07-15 18:12:59.358226 | epoch 10 | step 3653 | lr 1.0000E-04 | Val Loss 0.29985 | Val Acc 0.83333 
2024-07-15 18:12:59.459667 | epoch 10 | step 3654 | lr 1.0000E-04 | Val Loss 0.00332 | Val Acc 1.00000 
2024-07-15 18:12:59.526044 | epoch 10 | step 3655 | lr 1.0000E-04 | Val Loss 0.02202 | Val Acc 1.00000 
2024-07-15 18:12:59.587395 | epoch 10 | step 3656 | lr 1.0000E-04 | Val Loss 0.05767 | Val Acc 1.00000 
2024-07-15 18:12:59.643377 | epoch 10 | step 3657 | lr 1.0000E-04 | Val Loss 0.08052 | Val Acc 1.00000 
2024-07-15 18:12:59.702797 | epoch 10 | step 3658 | lr 1.0000E-04 | Val Loss 0.00409 | Val Acc 1.00000 
2024-07-15 18:12:59.781578 | epoch 10 | step 3659 | lr 1.0000E-04 | Val Loss 0.00207 | Val Acc 1.00000 
2024-07-15 18:12:59.864611 | epoch 10 | step 3660 | lr 1.0000E-04 | Val Loss 0.00614 | Val Acc 1.00000 
2024-07-15 18:12:59.935384 | epoch 10 | step 3661 | lr 1.0000E-04 | Val Loss 0.00300 | Val Acc 1.00000 
2024-07-15 18:12:59.995102 | epoch 10 | step 3662 | lr 1.0000E-04 | Val Loss 0.00469 | Val Acc 1.00000 
2024-07-15 18:13:00.051120 | epoch 10 | step 3663 | lr 1.0000E-04 | Val Loss 0.00800 | Val Acc 1.00000 
2024-07-15 18:13:00.108797 | epoch 10 | step 3664 | lr 1.0000E-04 | Val Loss 0.00429 | Val Acc 1.00000 
2024-07-15 18:13:00.158188 | epoch 10 | step 3665 | lr 1.0000E-04 | Val Loss 0.00578 | Val Acc 1.00000 
2024-07-15 18:13:00.198557 | epoch 10 | step 3666 | lr 1.0000E-04 | Val Loss 0.00436 | Val Acc 1.00000 
2024-07-15 18:13:00.249114 | epoch 10 | step 3667 | lr 1.0000E-04 | Val Loss 0.05494 | Val Acc 1.00000 
2024-07-15 18:13:01.434488 | epoch 10 | step 3668 | lr 1.0000E-04 | Val Loss 0.00334 | Val Acc 1.00000 
2024-07-15 18:13:01.502295 | epoch 10 | step 3669 | lr 1.0000E-04 | Val Loss 0.00329 | Val Acc 1.00000 
2024-07-15 18:13:01.570296 | epoch 10 | step 3670 | lr 1.0000E-04 | Val Loss 0.34654 | Val Acc 0.83333 
2024-07-15 18:13:01.642946 | epoch 10 | step 3671 | lr 1.0000E-04 | Val Loss 0.00977 | Val Acc 1.00000 
2024-07-15 18:13:01.688795 | epoch 10 | step 3672 | lr 1.0000E-04 | Val Loss 0.96328 | Val Acc 0.83333 
2024-07-15 18:13:01.744692 | epoch 10 | step 3673 | lr 1.0000E-04 | Val Loss 0.00221 | Val Acc 1.00000 
2024-07-15 18:13:01.806627 | epoch 10 | step 3674 | lr 1.0000E-04 | Val Loss 0.05172 | Val Acc 1.00000 
2024-07-15 18:13:01.870051 | epoch 10 | step 3675 | lr 1.0000E-04 | Val Loss 0.08783 | Val Acc 1.00000 
2024-07-15 18:13:01.939040 | epoch 10 | step 3676 | lr 1.0000E-04 | Val Loss 0.42632 | Val Acc 0.83333 
2024-07-15 18:13:02.011565 | epoch 10 | step 3677 | lr 1.0000E-04 | Val Loss 0.00688 | Val Acc 1.00000 
2024-07-15 18:13:02.092378 | epoch 10 | step 3678 | lr 1.0000E-04 | Val Loss 0.00267 | Val Acc 1.00000 
2024-07-15 18:13:02.165329 | epoch 10 | step 3679 | lr 1.0000E-04 | Val Loss 0.00161 | Val Acc 1.00000 
2024-07-15 18:13:02.222617 Phase:val, Avg Loss:0.08352741599082947
2024-07-15 18:13:02.693055 | epoch 11 | step 3680 | lr 1.0000E-04 | Train Loss 0.00304 | Train Acc 1.00000 
2024-07-15 18:13:03.484533 | epoch 11 | step 3690 | lr 1.0000E-04 | Train Loss 0.06213 | Train Acc 1.00000 
2024-07-15 18:13:04.412751 | epoch 11 | step 3700 | lr 1.0000E-04 | Train Loss 0.00767 | Train Acc 1.00000 
2024-07-15 18:13:05.296634 | epoch 11 | step 3710 | lr 1.0000E-04 | Train Loss 0.01841 | Train Acc 1.00000 
2024-07-15 18:13:06.095595 | epoch 11 | step 3720 | lr 1.0000E-04 | Train Loss 0.26940 | Train Acc 0.83333 
2024-07-15 18:13:06.915113 | epoch 11 | step 3730 | lr 1.0000E-04 | Train Loss 0.00234 | Train Acc 1.00000 
2024-07-15 18:13:07.731868 | epoch 11 | step 3740 | lr 1.0000E-04 | Train Loss 0.00598 | Train Acc 1.00000 
2024-07-15 18:13:08.661687 | epoch 11 | step 3750 | lr 1.0000E-04 | Train Loss 0.20398 | Train Acc 0.83333 
2024-07-15 18:13:09.612178 | epoch 11 | step 3760 | lr 1.0000E-04 | Train Loss 0.07049 | Train Acc 1.00000 
2024-07-15 18:13:10.656942 | epoch 11 | step 3770 | lr 1.0000E-04 | Train Loss 0.00202 | Train Acc 1.00000 
